2009-11-05 00:03:02 Debug: Notice (8): Undefined variable: settings in [APP\views\default\index.ctp, line 52]
2009-11-05 00:03:02 Debug: Notice (8): Undefined variable: settings in [APP\views\default\index.ctp, line 74]
2009-11-05 00:03:02 Debug: Notice (8): Undefined index: product_thumb in [APP\views\elements\product_view.ctp, line 33]
2009-11-05 00:03:02 Debug: Notice (8): Undefined index: out_of_stock in [APP\views\elements\product_view.ctp, line 46]
2009-11-05 00:03:02 Debug: Notice (8): Undefined variable: settings in [APP\views\default\index.ctp, line 118]
2009-11-05 00:03:02 Debug: Notice (8): Undefined variable: settings in [APP\views\layouts\default.ctp, line 22]
2009-11-05 00:03:02 Debug: Notice (8): Undefined variable: settings in [APP\views\layouts\default.ctp, line 23]
2009-11-05 00:03:04 Debug: Notice (8): Undefined property: CakeErrorController::$Product in [APP\app_controller.php, line 52]
2009-11-05 00:04:17 Debug: Notice (8): Undefined variable: settings in [APP\views\default\index.ctp, line 52]
2009-11-05 00:04:17 Debug: Notice (8): Undefined variable: settings in [APP\views\default\index.ctp, line 74]
2009-11-05 00:04:17 Debug: Notice (8): Undefined index: product_thumb in [APP\views\elements\product_view.ctp, line 33]
2009-11-05 00:04:18 Debug: Notice (8): Undefined index: out_of_stock in [APP\views\elements\product_view.ctp, line 46]
2009-11-05 00:04:18 Debug: Notice (8): Undefined variable: settings in [APP\views\default\index.ctp, line 118]
2009-11-05 00:04:18 Debug: Notice (8): Undefined variable: settings in [APP\views\layouts\default.ctp, line 22]
2009-11-05 00:04:18 Debug: Notice (8): Undefined variable: settings in [APP\views\layouts\default.ctp, line 23]
2009-11-05 00:04:19 Debug: Notice (8): Undefined property: CakeErrorController::$Product in [APP\app_controller.php, line 52]
2009-11-05 00:05:16 Debug: Notice (8): Undefined variable: settings in [APP\views\default\index.ctp, line 52]
2009-11-05 00:05:16 Debug: Notice (8): Undefined index: product_thumb in [APP\views\elements\product_view.ctp, line 33]
2009-11-05 00:05:16 Debug: Notice (8): Undefined variable: settings in [APP\views\default\index.ctp, line 74]
2009-11-05 00:05:16 Debug: Notice (8): Undefined index: out_of_stock in [APP\views\elements\product_view.ctp, line 46]
2009-11-05 00:05:16 Debug: Notice (8): Undefined variable: settings in [APP\views\default\index.ctp, line 118]
2009-11-05 00:05:16 Debug: Notice (8): Undefined variable: settings in [APP\views\layouts\default.ctp, line 22]
2009-11-05 00:05:16 Debug: Notice (8): Undefined variable: settings in [APP\views\layouts\default.ctp, line 23]
2009-11-05 00:05:17 Debug: Notice (8): Undefined property: CakeErrorController::$Product in [APP\app_controller.php, line 52]
2009-11-05 00:06:29 Debug: Notice (8): Undefined variable: settings in [APP\views\default\index.ctp, line 52]
2009-11-05 00:06:29 Debug: Notice (8): Undefined index: product_thumb in [APP\views\elements\product_view.ctp, line 33]
2009-11-05 00:06:29 Debug: Notice (8): Undefined variable: settings in [APP\views\default\index.ctp, line 74]
2009-11-05 00:06:29 Debug: Notice (8): Undefined index: out_of_stock in [APP\views\elements\product_view.ctp, line 46]
2009-11-05 00:06:29 Debug: Notice (8): Undefined variable: settings in [APP\views\default\index.ctp, line 118]
2009-11-05 00:06:29 Debug: Notice (8): Undefined variable: settings in [APP\views\layouts\default.ctp, line 22]
2009-11-05 00:06:29 Debug: Notice (8): Undefined variable: settings in [APP\views\layouts\default.ctp, line 23]
2009-11-05 00:08:22 Debug: Notice (8): Undefined variable: settings in [APP\views\default\index.ctp, line 52]
2009-11-05 00:08:22 Debug: Notice (8): Undefined index: product_thumb in [APP\views\elements\product_view.ctp, line 33]
2009-11-05 00:08:22 Debug: Notice (8): Undefined variable: settings in [APP\views\default\index.ctp, line 74]
2009-11-05 00:08:22 Debug: Notice (8): Undefined index: out_of_stock in [APP\views\elements\product_view.ctp, line 46]
2009-11-05 00:08:22 Debug: Notice (8): Undefined variable: settings in [APP\views\default\index.ctp, line 118]
2009-11-05 00:08:22 Debug: Notice (8): Undefined variable: settings in [APP\views\layouts\default.ctp, line 22]
2009-11-05 00:08:22 Debug: Notice (8): Undefined variable: settings in [APP\views\layouts\default.ctp, line 23]
2009-11-05 00:09:02 Debug: Notice (8): Undefined variable: settings in [APP\views\layouts\default.ctp, line 22]
2009-11-05 00:09:02 Debug: Notice (8): Undefined variable: settings in [APP\views\layouts\default.ctp, line 23]
2009-11-05 00:09:02 Debug: Notice (8): Undefined variable: nav_cats in [APP\views\elements\sidebar\categories.ctp, line 34]
2009-11-05 00:09:03 Debug: Notice (8): Undefined variable: settings in [APP\views\layouts\default.ctp, line 22]
2009-11-05 00:09:03 Debug: Notice (8): Undefined variable: settings in [APP\views\layouts\default.ctp, line 23]
2009-11-05 00:09:03 Debug: Notice (8): Undefined variable: nav_cats in [APP\views\elements\sidebar\categories.ctp, line 34]
2009-11-05 00:09:50 Debug: Notice (8): Undefined variable: nav_cats in [APP\views\elements\sidebar\categories.ctp, line 34]
2009-11-05 00:09:55 Debug: Notice (8): Undefined variable: nav_cats in [APP\views\elements\sidebar\categories.ctp, line 34]
2009-11-05 00:09:56 Debug: Notice (8): Undefined variable: nav_cats in [APP\views\elements\sidebar\categories.ctp, line 34]
2009-11-05 00:09:56 Debug: Notice (8): Undefined variable: nav_cats in [APP\views\elements\sidebar\categories.ctp, line 34]
2009-11-05 00:10:40 Debug: Notice (8): Undefined property: ContactController::$Setting in [APP\app_controller.php, line 24]
2009-11-05 00:11:56 Debug: Notice (8): Undefined property: ContactController::$Product in [APP\app_controller.php, line 50]
2009-11-05 00:13:04 Debug: Notice (8): Undefined variable: settings in [APP\views\default\index.ctp, line 52]
2009-11-05 00:13:05 Debug: Notice (8): Undefined index: product_thumb in [APP\views\elements\product_view.ctp, line 33]
2009-11-05 00:13:05 Debug: Notice (8): Undefined variable: settings in [APP\views\default\index.ctp, line 74]
2009-11-05 00:13:05 Debug: Notice (8): Undefined variable: newest in [APP\views\default\index.ctp, line 78]
2009-11-05 00:13:05 Debug: Notice (8): Undefined variable: settings in [APP\views\default\index.ctp, line 118]
2009-11-05 00:13:21 Debug: Notice (8): Undefined variable: settings in [APP\views\default\index.ctp, line 52]
2009-11-05 00:13:22 Debug: Notice (8): Undefined index: product_thumb in [APP\views\elements\product_view.ctp, line 33]
2009-11-05 00:13:22 Debug: Notice (8): Undefined variable: settings in [APP\views\default\index.ctp, line 74]
2009-11-05 00:13:22 Debug: Notice (8): Undefined variable: newest in [APP\views\default\index.ctp, line 78]
2009-11-05 00:13:22 Debug: Notice (8): Undefined variable: settings in [APP\views\default\index.ctp, line 118]
2009-11-05 00:13:27 Debug: Notice (8): Undefined variable: settings in [APP\views\default\index.ctp, line 52]
2009-11-05 00:13:27 Debug: Notice (8): Undefined index: product_thumb in [APP\views\elements\product_view.ctp, line 33]
2009-11-05 00:13:27 Debug: Notice (8): Undefined variable: settings in [APP\views\default\index.ctp, line 74]
2009-11-05 00:13:27 Debug: Notice (8): Undefined variable: newest in [APP\views\default\index.ctp, line 78]
2009-11-05 00:13:28 Debug: Notice (8): Undefined variable: settings in [APP\views\default\index.ctp, line 118]
2009-11-05 00:14:05 Debug: Notice (8): Undefined variable: settings in [APP\views\default\index.ctp, line 52]
2009-11-05 00:14:05 Debug: Notice (8): Undefined index: product_thumb in [APP\views\elements\product_view.ctp, line 33]
2009-11-05 00:14:05 Debug: Notice (8): Undefined variable: settings in [APP\views\default\index.ctp, line 74]
2009-11-05 00:14:05 Debug: Notice (8): Undefined variable: newest in [APP\views\default\index.ctp, line 78]
2009-11-05 00:14:05 Debug: Notice (8): Undefined variable: settings in [APP\views\default\index.ctp, line 118]
2009-11-05 00:14:57 Debug: Notice (8): Undefined variable: settings in [APP\views\default\index.ctp, line 52]
2009-11-05 00:14:57 Debug: Notice (8): Undefined index: product_thumb in [APP\views\elements\product_view.ctp, line 33]
2009-11-05 00:14:57 Debug: Notice (8): Undefined variable: settings in [APP\views\default\index.ctp, line 74]
2009-11-05 00:14:57 Debug: Notice (8): Undefined variable: newest in [APP\views\default\index.ctp, line 78]
2009-11-05 00:14:57 Debug: Notice (8): Undefined variable: settings in [APP\views\default\index.ctp, line 118]
2009-11-05 00:16:56 Debug: Notice (8): Undefined variable: settings in [APP\views\default\index.ctp, line 52]
2009-11-05 00:16:56 Debug: Notice (8): Undefined index: product_thumb in [APP\views\elements\product_view.ctp, line 33]
2009-11-05 00:16:56 Debug: Notice (8): Undefined variable: settings in [APP\views\default\index.ctp, line 74]
2009-11-05 00:16:56 Debug: Notice (8): Undefined variable: newest in [APP\views\default\index.ctp, line 78]
2009-11-05 00:16:56 Debug: Notice (8): Undefined variable: settings in [APP\views\default\index.ctp, line 118]
2009-11-05 00:17:10 Debug: Notice (8): Undefined variable: settings in [APP\views\default\index.ctp, line 52]
2009-11-05 00:17:10 Debug: Notice (8): Undefined index: product_thumb in [APP\views\elements\product_view.ctp, line 33]
2009-11-05 00:17:10 Debug: Notice (8): Undefined variable: settings in [APP\views\default\index.ctp, line 74]
2009-11-05 00:17:10 Debug: Notice (8): Undefined variable: newest in [APP\views\default\index.ctp, line 78]
2009-11-05 00:17:10 Debug: Notice (8): Undefined variable: settings in [APP\views\default\index.ctp, line 118]
2009-11-05 00:17:23 Debug: Notice (8): Undefined variable: settings in [APP\views\default\index.ctp, line 52]
2009-11-05 00:17:23 Debug: Notice (8): Undefined index: product_thumb in [APP\views\elements\product_view.ctp, line 33]
2009-11-05 00:17:23 Debug: Notice (8): Undefined variable: settings in [APP\views\default\index.ctp, line 74]
2009-11-05 00:17:23 Debug: Notice (8): Undefined variable: newest in [APP\views\default\index.ctp, line 78]
2009-11-05 00:17:23 Debug: Notice (8): Undefined variable: settings in [APP\views\default\index.ctp, line 118]
2009-11-05 00:29:22 Debug: Notice (8): unserialize() [<a href='http://php.net/function.unserialize'>function.unserialize</a>]: Error at offset 199 of 1592 bytes in [APP\app_controller.php, line 41]
2009-11-05 00:30:02 Debug: Notice (8): unserialize() [<a href='http://php.net/function.unserialize'>function.unserialize</a>]: Error at offset 199 of 1592 bytes in [APP\app_controller.php, line 41]
2009-11-05 00:31:32 Debug: Notice (8): unserialize() [<a href='http://php.net/function.unserialize'>function.unserialize</a>]: Error at offset 199 of 1592 bytes in [APP\app_controller.php, line 42]
2009-11-05 00:31:42 Debug: Notice (8): unserialize() [<a href='http://php.net/function.unserialize'>function.unserialize</a>]: Error at offset 199 of 1592 bytes in [APP\app_controller.php, line 42]
2009-11-05 00:37:47 Debug: Notice (8): unserialize() [<a href='http://php.net/function.unserialize'>function.unserialize</a>]: Error at offset 199 of 1592 bytes in [APP\app_controller.php, line 63]
2009-11-05 00:38:22 Debug: Notice (8): unserialize() [<a href='http://php.net/function.unserialize'>function.unserialize</a>]: Error at offset 199 of 1592 bytes in [APP\app_controller.php, line 63]
2009-11-05 00:38:34 Debug: Notice (8): unserialize() [<a href='http://php.net/function.unserialize'>function.unserialize</a>]: Error at offset 199 of 1592 bytes in [APP\app_controller.php, line 63]
2009-11-05 00:38:58 Debug: Notice (8): unserialize() [<a href='http://php.net/function.unserialize'>function.unserialize</a>]: Error at offset 199 of 1592 bytes in [APP\app_controller.php, line 63]
2009-11-05 00:38:58 Debug: Notice (8): Undefined index: a in [APP\app_controller.php, line 34]
2009-11-05 00:38:58 Debug: Notice (8): Undefined variable: setting in [APP\views\elements\sidebar\categories.ctp, line 34]
2009-11-05 00:40:16 Debug: Notice (8): unserialize() [<a href='http://php.net/function.unserialize'>function.unserialize</a>]: Error at offset 199 of 1592 bytes in [APP\app_controller.php, line 63]
2009-11-05 00:40:16 Debug: Notice (8): Undefined index: a in [APP\app_controller.php, line 34]
2009-11-05 00:40:16 Debug: Notice (8): Undefined variable: setting in [APP\views\elements\sidebar\categories.ctp, line 34]
2009-11-05 00:40:37 Debug: Notice (8): Undefined index: a in [APP\app_controller.php, line 34]
2009-11-05 00:40:37 Debug: Notice (8): Undefined variable: settings in [APP\views\default\index.ctp, line 52]
2009-11-05 00:40:37 Debug: Notice (8): Undefined index: product_thumb in [APP\views\elements\product_view.ctp, line 33]
2009-11-05 00:40:37 Debug: Notice (8): Undefined variable: settings in [APP\views\default\index.ctp, line 74]
2009-11-05 00:40:37 Debug: Notice (8): Undefined variable: newest in [APP\views\default\index.ctp, line 78]
2009-11-05 00:40:37 Debug: Notice (8): Undefined variable: settings in [APP\views\default\index.ctp, line 118]
2009-11-05 00:40:37 Debug: Notice (8): Undefined variable: setting in [APP\views\elements\sidebar\categories.ctp, line 34]
2009-11-05 00:41:21 Debug: Notice (8): Undefined index: a in [APP\app_controller.php, line 34]
2009-11-05 00:41:21 Debug: Notice (8): Undefined variable: settings in [APP\views\default\index.ctp, line 52]
2009-11-05 00:41:21 Debug: Notice (8): Undefined index: product_thumb in [APP\views\elements\product_view.ctp, line 33]
2009-11-05 00:41:21 Debug: Notice (8): Undefined variable: settings in [APP\views\default\index.ctp, line 74]
2009-11-05 00:41:21 Debug: Notice (8): Undefined variable: newest in [APP\views\default\index.ctp, line 78]
2009-11-05 00:41:21 Debug: Notice (8): Undefined variable: settings in [APP\views\default\index.ctp, line 118]
2009-11-05 00:41:21 Debug: Notice (8): Undefined variable: setting in [APP\views\elements\sidebar\categories.ctp, line 34]
2009-11-05 00:41:50 Debug: Notice (8): Undefined index: a in [APP\app_controller.php, line 34]
2009-11-05 00:41:50 Debug: Notice (8): Undefined variable: settings in [APP\views\default\index.ctp, line 52]
2009-11-05 00:41:50 Debug: Notice (8): Undefined index: product_thumb in [APP\views\elements\product_view.ctp, line 33]
2009-11-05 00:41:50 Debug: Notice (8): Undefined variable: settings in [APP\views\default\index.ctp, line 74]
2009-11-05 00:41:50 Debug: Notice (8): Undefined variable: newest in [APP\views\default\index.ctp, line 78]
2009-11-05 00:41:50 Debug: Notice (8): Undefined variable: settings in [APP\views\default\index.ctp, line 118]
2009-11-05 00:41:50 Debug: Notice (8): Undefined variable: setting in [APP\views\elements\sidebar\categories.ctp, line 34]
2009-11-05 00:50:52 Debug: Notice (8): Undefined index: a in [APP\app_controller.php, line 34]
2009-11-05 00:50:52 Debug: Notice (8): Undefined variable: setting in [APP\views\elements\sidebar\categories.ctp, line 34]
2009-11-05 00:56:21 Debug: Notice (8): Undefined variable: setting in [APP\views\elements\sidebar\categories.ctp, line 34]
2009-11-05 00:58:30 Debug: Notice (8): Undefined variable: settings in [APP\views\default\index.ctp, line 52]
2009-11-05 00:58:30 Debug: Notice (8): Undefined index: product_thumb in [APP\views\elements\product_view.ctp, line 33]
2009-11-05 00:58:30 Debug: Notice (8): Undefined variable: settings in [APP\views\default\index.ctp, line 74]
2009-11-05 00:58:31 Debug: Notice (8): Undefined variable: newest in [APP\views\default\index.ctp, line 78]
2009-11-05 00:58:31 Debug: Notice (8): Undefined variable: settings in [APP\views\default\index.ctp, line 118]
2009-11-05 01:01:22 Debug: Notice (8): Undefined variable: settings in [APP\views\default\index.ctp, line 52]
2009-11-05 01:01:23 Debug: Notice (8): Undefined index: product_thumb in [APP\views\elements\product_view.ctp, line 33]
2009-11-05 01:01:25 Debug: Notice (8): Undefined variable: settings in [APP\views\default\index.ctp, line 74]
2009-11-05 01:01:25 Debug: Notice (8): Undefined variable: newest in [APP\views\default\index.ctp, line 78]
2009-11-05 01:01:25 Debug: Notice (8): Undefined variable: settings in [APP\views\default\index.ctp, line 118]
2009-11-05 01:06:40 Debug: Notice (8): Undefined variable: settings in [APP\views\default\index.ctp, line 52]
2009-11-05 01:06:40 Debug: Notice (8): Undefined index: product_thumb in [APP\views\elements\product_view.ctp, line 33]
2009-11-05 01:06:40 Debug: Notice (8): Undefined variable: settings in [APP\views\default\index.ctp, line 74]
2009-11-05 01:06:40 Debug: Notice (8): Undefined variable: newest in [APP\views\default\index.ctp, line 78]
2009-11-05 01:06:40 Debug: Notice (8): Undefined variable: settings in [APP\views\default\index.ctp, line 118]
2009-11-05 01:06:57 Debug: Notice (8): Undefined variable: settings in [APP\views\default\index.ctp, line 52]
2009-11-05 01:06:57 Debug: Notice (8): Undefined index: product_thumb in [APP\views\elements\product_view.ctp, line 33]
2009-11-05 01:06:57 Debug: Notice (8): Undefined variable: settings in [APP\views\default\index.ctp, line 74]
2009-11-05 01:06:57 Debug: Notice (8): Undefined variable: newest in [APP\views\default\index.ctp, line 78]
2009-11-05 01:06:57 Debug: Notice (8): Undefined variable: settings in [APP\views\default\index.ctp, line 118]
2009-11-05 01:15:13 Debug: Notice (8): Undefined index: product_thumb in [APP\views\elements\product_view.ctp, line 33]
2009-11-05 01:15:13 Debug: Notice (8): Undefined variable: newest in [APP\views\default\index.ctp, line 78]
2009-11-05 01:15:13 Debug: Notice (8): Undefined variable: settings in [APP\views\default\index.ctp, line 118]
2009-11-05 01:15:30 Debug: Notice (8): Undefined property: DefaultController::$Setting in [APP\controllers\default_controller.php, line 39]
2009-11-05 01:16:09 Debug: Notice (8): Undefined variable: post in [APP\views\default\index.ctp, line 30]
2009-11-05 01:16:09 Debug: Notice (8): Undefined variable: post in [APP\views\default\index.ctp, line 32]
2009-11-05 01:16:09 Debug: Notice (8): Undefined index: product_thumb in [APP\views\elements\product_view.ctp, line 33]
2009-11-05 01:16:09 Debug: Notice (8): Undefined variable: settings in [APP\views\default\index.ctp, line 118]
2009-11-05 01:16:09 Debug: Notice (8): Undefined variable: popular in [APP\views\default\index.ctp, line 122]
2009-11-05 01:16:28 Debug: Notice (8): Undefined index: product_thumb in [APP\views\elements\product_view.ctp, line 33]
2009-11-05 01:16:28 Debug: Notice (8): Undefined variable: settings in [APP\views\default\index.ctp, line 118]
2009-11-05 01:16:28 Debug: Notice (8): Undefined variable: popular in [APP\views\default\index.ctp, line 122]
2009-11-05 01:17:18 Debug: Notice (8): Undefined index: product_thumb in [APP\views\elements\product_view.ctp, line 33]
2009-11-05 01:17:58 Debug: Notice (8): Undefined index: product_thumb in [APP\views\elements\product_view.ctp, line 33]
2009-11-05 01:18:31 Debug: Notice (8): Undefined index: product_thumb in [APP\views\elements\product_view.ctp, line 33]
2009-11-05 01:19:40 Debug: Notice (8): Undefined index: product_thumb in [APP\views\elements\product_view.ctp, line 33]
2009-11-05 01:19:40 Debug: Notice (8): Undefined index: out_of_stock in [APP\views\elements\product_view.ctp, line 46]
2009-11-05 01:21:26 Debug: Notice (8): Undefined index: out_of_stock in [APP\views\elements\product_view.ctp, line 46]
2009-11-05 01:41:06 Debug: Notice (8): Undefined index: product_thumb in [APP\views\elements\product_view.ctp, line 33]
2009-11-05 01:41:06 Debug: Notice (8): Undefined index: product_thumb in [APP\views\elements\product_view.ctp, line 33]
2009-11-05 01:41:08 Debug: Notice (8): Undefined index: product_thumb in [APP\views\elements\product_view.ctp, line 33]
2009-11-05 01:41:20 Debug: Notice (8): Undefined index: product_thumb in [APP\views\elements\product_view.ctp, line 33]
2009-11-05 01:41:22 Debug: Notice (8): Undefined index: product_thumb in [APP\views\elements\product_view.ctp, line 33]
2009-11-05 01:41:42 Debug: Notice (8): Undefined index: product_thumb in [APP\views\elements\product_view.ctp, line 33]
2009-11-05 01:41:44 Debug: Notice (8): Undefined index: product_thumb in [APP\views\elements\product_view.ctp, line 33]
2009-11-05 01:41:44 Debug: Notice (8): Undefined index: product_thumb in [APP\views\elements\product_view.ctp, line 33]
2009-11-05 01:41:45 Debug: Notice (8): Undefined index: product_thumb in [APP\views\elements\product_view.ctp, line 33]
2009-11-05 01:41:46 Debug: Notice (8): Undefined index: product_thumb in [APP\views\elements\product_view.ctp, line 33]
2009-11-05 01:42:13 Debug: Notice (8): Undefined index: product_thumb in [APP\views\elements\product_view.ctp, line 33]
2009-11-05 01:42:14 Debug: Notice (8): Undefined index: product_thumb in [APP\views\elements\product_view.ctp, line 33]
2009-11-05 01:42:28 Debug: Notice (8): Undefined index: product_thumb in [APP\views\elements\product_view.ctp, line 33]
2009-11-05 01:42:28 Debug: Notice (8): Undefined index: product_thumb in [APP\views\elements\product_view.ctp, line 33]
2009-11-05 01:42:54 Debug: Notice (8): Undefined index: product_thumb in [APP\views\elements\product_view.ctp, line 33]
2009-11-05 01:42:55 Debug: Notice (8): Undefined index: product_thumb in [APP\views\elements\product_view.ctp, line 33]
2009-11-05 02:05:38 Debug: Notice (8): Undefined index: discount in [APP\controllers\cart_controller.php, line 158]
2009-11-05 02:05:38 Debug: Notice (8): Undefined index: discount in [APP\controllers\cart_controller.php, line 160]
2009-11-05 02:05:38 Debug: Notice (8): Undefined index: discount in [APP\controllers\cart_controller.php, line 161]
2009-11-05 02:10:03 Debug: Notice (8): Undefined index: discount in [APP\views\cart\index.ctp, line 104]
2009-11-05 02:10:11 Debug: Notice (8): Undefined index: discount in [APP\views\cart\index.ctp, line 104]
2009-11-05 02:12:22 Debug: Notice (8): Undefined index: discount in [APP\views\cart\index.ctp, line 104]
2009-11-05 02:13:26 Debug: Notice (8): Undefined index: discount in [APP\views\cart\index.ctp, line 104]
2009-11-05 02:13:30 Debug: Notice (8): Undefined index: discount in [APP\views\cart\index.ctp, line 104]
2009-11-05 02:13:37 Debug: Notice (8): Undefined index: discount in [APP\views\cart\index.ctp, line 104]
2009-11-05 02:13:40 Debug: Notice (8): Undefined index: discount in [APP\views\cart\index.ctp, line 104]
2009-11-05 02:26:28 Debug: Notice (8): Undefined variable: dojo in [APP\views\elements\product_view.ctp, line 32]
2009-11-05 02:26:58 Debug: Notice (8): Undefined variable: form in [APP\views\elements\sidebar\newsletter.ctp, line 33]
2009-11-05 02:55:03 Debug: Notice (8): Undefined index: discount in [APP\views\cart\index.ctp, line 104]
2009-11-05 02:55:51 Debug: Notice (8): Undefined index: discount in [APP\views\cart\index.ctp, line 104]
2010-01-24 06:13:09 Debug: Notice (8): Undefined offset: 0 in [APP\views\default\index.ctp, line 30]
2010-01-24 06:13:09 Debug: Notice (8): Undefined offset: 0 in [APP\views\default\index.ctp, line 32]
2010-01-24 06:21:18 Debug: Notice (8): Undefined variable: queryPlan in [APP\plugins\debug_kit\controllers\components\toolbar.php, line 631]
2010-01-24 06:21:20 Debug: Notice (8): Undefined variable: queryPlan in [APP\plugins\debug_kit\controllers\components\toolbar.php, line 631]
2010-01-24 06:22:02 Debug: Notice (8): Undefined variable: queryPlan in [APP\plugins\debug_kit\controllers\components\toolbar.php, line 631]
2010-01-24 06:22:04 Debug: Notice (8): Undefined variable: queryPlan in [APP\plugins\debug_kit\controllers\components\toolbar.php, line 631]
