2009-11-05 00:09:02 Warning: Warning (2): Invalid argument supplied for foreach() in [APP\views\elements\sidebar\categories.ctp, line 34]
2009-11-05 00:09:03 Warning: Warning (2): Invalid argument supplied for foreach() in [APP\views\elements\sidebar\categories.ctp, line 34]
2009-11-05 00:09:50 Warning: Warning (2): Invalid argument supplied for foreach() in [APP\views\elements\sidebar\categories.ctp, line 34]
2009-11-05 00:09:56 Warning: Warning (2): Invalid argument supplied for foreach() in [APP\views\elements\sidebar\categories.ctp, line 34]
2009-11-05 00:09:56 Warning: Warning (2): Invalid argument supplied for foreach() in [APP\views\elements\sidebar\categories.ctp, line 34]
2009-11-05 00:09:56 Warning: Warning (2): Invalid argument supplied for foreach() in [APP\views\elements\sidebar\categories.ctp, line 34]
2009-11-05 00:13:05 Warning: Warning (2): Invalid argument supplied for foreach() in [APP\views\elements\product_view.ctp, line 21]
2009-11-05 00:13:22 Warning: Warning (2): Invalid argument supplied for foreach() in [APP\views\elements\product_view.ctp, line 21]
2009-11-05 00:13:27 Warning: Warning (2): Invalid argument supplied for foreach() in [APP\views\elements\product_view.ctp, line 21]
2009-11-05 00:14:05 Warning: Warning (2): Invalid argument supplied for foreach() in [APP\views\elements\product_view.ctp, line 21]
2009-11-05 00:14:57 Warning: Warning (2): Invalid argument supplied for foreach() in [APP\views\elements\product_view.ctp, line 21]
2009-11-05 00:16:56 Warning: Warning (2): Invalid argument supplied for foreach() in [APP\views\elements\product_view.ctp, line 21]
2009-11-05 00:17:10 Warning: Warning (2): Invalid argument supplied for foreach() in [APP\views\elements\product_view.ctp, line 21]
2009-11-05 00:17:23 Warning: Warning (2): Invalid argument supplied for foreach() in [APP\views\elements\product_view.ctp, line 21]
2009-11-05 00:40:37 Warning: Warning (2): Invalid argument supplied for foreach() in [APP\views\elements\product_view.ctp, line 21]
2009-11-05 00:41:21 Warning: Warning (2): Invalid argument supplied for foreach() in [APP\views\elements\product_view.ctp, line 21]
2009-11-05 00:41:50 Warning: Warning (2): Invalid argument supplied for foreach() in [APP\views\elements\product_view.ctp, line 21]
2009-11-05 00:56:37 Warning: Warning (2): Invalid argument supplied for foreach() in [APP\views\elements\sidebar\categories.ctp, line 34]
2009-11-05 00:56:52 Warning: Warning (2): Invalid argument supplied for foreach() in [APP\views\elements\sidebar\categories.ctp, line 34]
2009-11-05 00:58:16 Warning: Warning (2): Invalid argument supplied for foreach() in [APP\views\elements\sidebar\categories.ctp, line 34]
2009-11-05 00:58:21 Warning: Warning (2): Invalid argument supplied for foreach() in [APP\views\elements\sidebar\categories.ctp, line 34]
2009-11-05 00:58:31 Warning: Warning (2): Invalid argument supplied for foreach() in [APP\views\elements\product_view.ctp, line 21]
2009-11-05 00:58:33 Warning: Warning (2): Invalid argument supplied for foreach() in [APP\views\elements\sidebar\categories.ctp, line 34]
2009-11-05 01:01:25 Warning: Warning (2): Invalid argument supplied for foreach() in [APP\views\elements\product_view.ctp, line 21]
2009-11-05 01:06:40 Warning: Warning (2): Invalid argument supplied for foreach() in [APP\views\elements\product_view.ctp, line 21]
2009-11-05 01:06:57 Warning: Warning (2): Invalid argument supplied for foreach() in [APP\views\elements\product_view.ctp, line 21]
2009-11-05 01:15:13 Warning: Warning (2): Invalid argument supplied for foreach() in [APP\views\elements\product_view.ctp, line 21]
2009-11-05 01:15:16 Warning: Warning (2): Invalid argument supplied for foreach() in [APP\views\elements\sidebar\categories.ctp, line 34]
2009-11-05 01:16:09 Warning: Warning (2): Invalid argument supplied for foreach() in [APP\views\elements\product_view.ctp, line 21]
2009-11-05 01:16:11 Warning: Warning (2): Invalid argument supplied for foreach() in [APP\views\elements\sidebar\categories.ctp, line 34]
2009-11-05 01:16:28 Warning: Warning (2): Invalid argument supplied for foreach() in [APP\views\elements\product_view.ctp, line 21]
2009-11-05 01:16:29 Warning: Warning (2): Invalid argument supplied for foreach() in [APP\views\elements\sidebar\categories.ctp, line 34]
2009-11-05 01:17:19 Warning: Warning (2): Invalid argument supplied for foreach() in [APP\views\elements\sidebar\categories.ctp, line 34]
2009-11-05 01:17:59 Warning: Warning (2): Invalid argument supplied for foreach() in [APP\views\elements\sidebar\categories.ctp, line 34]
2009-11-05 01:18:32 Warning: Warning (2): Invalid argument supplied for foreach() in [APP\views\elements\sidebar\categories.ctp, line 34]
2009-11-05 01:19:41 Warning: Warning (2): Invalid argument supplied for foreach() in [APP\views\elements\sidebar\categories.ctp, line 34]
2009-11-05 01:21:28 Warning: Warning (2): Invalid argument supplied for foreach() in [APP\views\elements\sidebar\categories.ctp, line 34]
2009-11-05 01:21:54 Warning: Warning (2): Invalid argument supplied for foreach() in [APP\views\elements\sidebar\categories.ctp, line 34]
2009-11-05 01:23:08 Warning: Warning (2): Invalid argument supplied for foreach() in [APP\views\elements\sidebar\categories.ctp, line 34]
2009-11-05 01:24:16 Warning: Warning (2): Invalid argument supplied for foreach() in [APP\views\elements\sidebar\categories.ctp, line 34]
2009-11-05 01:25:24 Warning: Warning (2): Invalid argument supplied for foreach() in [APP\views\elements\sidebar\categories.ctp, line 34]
2009-11-05 01:26:43 Warning: Warning (2): Invalid argument supplied for foreach() in [APP\views\elements\sidebar\categories.ctp, line 34]
2009-11-05 01:26:45 Warning: Warning (2): Invalid argument supplied for foreach() in [APP\views\elements\sidebar\categories.ctp, line 34]
2009-11-05 01:28:10 Warning: Warning (2): Invalid argument supplied for foreach() in [APP\views\elements\sidebar\categories.ctp, line 34]
2009-11-05 01:28:20 Warning: Warning (2): Invalid argument supplied for foreach() in [APP\views\elements\sidebar\categories.ctp, line 34]
2009-11-05 01:28:35 Warning: Warning (2): Invalid argument supplied for foreach() in [APP\views\elements\sidebar\categories.ctp, line 34]
2009-11-05 01:28:43 Warning: Warning (2): Invalid argument supplied for foreach() in [APP\views\elements\sidebar\categories.ctp, line 34]
2009-11-05 01:30:36 Warning: Warning (2): Invalid argument supplied for foreach() in [APP\views\elements\sidebar\categories.ctp, line 34]
2009-11-05 01:31:22 Warning: Warning (2): Invalid argument supplied for foreach() in [APP\views\elements\sidebar\categories.ctp, line 34]
2009-11-05 01:31:30 Warning: Warning (2): Invalid argument supplied for foreach() in [APP\views\elements\sidebar\categories.ctp, line 34]
2009-11-05 01:31:34 Warning: Warning (2): Invalid argument supplied for foreach() in [APP\views\elements\sidebar\categories.ctp, line 34]
2009-11-05 01:32:54 Warning: Warning (2): Invalid argument supplied for foreach() in [APP\views\elements\sidebar\categories.ctp, line 34]
2009-11-05 01:32:58 Warning: Warning (512): <span style = "color:Red;text-align:left"><b>SQL Error:</b> 1064: You have an error in your SQL syntax; check the manual that corresponds to your MySQL server version for the right syntax to use near 'cats' at line 1</span> in [CORE\cake\libs\model\datasources\dbo_source.php, line 525]
2009-11-05 01:32:58 Warning: Warning (2): Invalid argument supplied for foreach() in [APP\controllers\category_controller.php, line 28]
2009-11-05 01:32:58 Warning: Warning (2): Invalid argument supplied for foreach() in [APP\views\elements\category_overview.ctp, line 31]
2009-11-05 01:32:59 Warning: Warning (512): <span style = "color:Red;text-align:left"><b>SQL Error:</b> 1064: You have an error in your SQL syntax; check the manual that corresponds to your MySQL server version for the right syntax to use near 'cats' at line 1</span> in [CORE\cake\libs\model\datasources\dbo_source.php, line 525]
2009-11-05 01:33:00 Warning: Warning (2): Invalid argument supplied for foreach() in [APP\controllers\category_controller.php, line 28]
2009-11-05 01:33:00 Warning: Warning (2): Invalid argument supplied for foreach() in [APP\views\elements\category_overview.ctp, line 31]
2009-11-05 01:33:28 Warning: Warning (512): <span style = "color:Red;text-align:left"><b>SQL Error:</b> 1064: You have an error in your SQL syntax; check the manual that corresponds to your MySQL server version for the right syntax to use near 'cats' at line 1</span> in [CORE\cake\libs\model\datasources\dbo_source.php, line 525]
2009-11-05 01:33:28 Warning: Warning (2): Invalid argument supplied for foreach() in [APP\controllers\category_controller.php, line 28]
2009-11-05 01:33:29 Warning: Warning (2): Invalid argument supplied for foreach() in [APP\views\elements\category_overview.ctp, line 31]
2009-11-05 01:33:30 Warning: Warning (2): Invalid argument supplied for foreach() in [APP\views\elements\sidebar\categories.ctp, line 34]
2009-11-05 01:34:08 Warning: Warning (2): Invalid argument supplied for foreach() in [APP\views\elements\sidebar\categories.ctp, line 34]
2009-11-05 01:34:18 Warning: Warning (2): Invalid argument supplied for foreach() in [APP\views\elements\sidebar\categories.ctp, line 34]
2009-11-05 01:34:30 Warning: Warning (2): Invalid argument supplied for foreach() in [APP\views\elements\sidebar\categories.ctp, line 34]
2009-11-05 01:34:30 Warning: Warning (2): Invalid argument supplied for foreach() in [APP\views\elements\sidebar\categories.ctp, line 34]
2009-11-05 01:35:28 Warning: Warning (2): Invalid argument supplied for foreach() in [APP\views\elements\sidebar\categories.ctp, line 34]
2009-11-05 01:35:28 Warning: Warning (2): Invalid argument supplied for foreach() in [APP\views\elements\sidebar\categories.ctp, line 34]
2009-11-05 01:35:49 Warning: Warning (2): Invalid argument supplied for foreach() in [APP\views\elements\sidebar\categories.ctp, line 34]
2009-11-05 01:35:50 Warning: Warning (2): Invalid argument supplied for foreach() in [APP\views\elements\sidebar\categories.ctp, line 34]
2009-11-05 01:35:52 Warning: Warning (2): Invalid argument supplied for foreach() in [APP\views\elements\sidebar\categories.ctp, line 34]
2009-11-05 01:35:53 Warning: Warning (2): Invalid argument supplied for foreach() in [APP\views\elements\sidebar\categories.ctp, line 34]
2009-11-05 01:35:53 Warning: Warning (2): Invalid argument supplied for foreach() in [APP\views\elements\sidebar\categories.ctp, line 34]
2009-11-05 01:35:53 Warning: Warning (2): Invalid argument supplied for foreach() in [APP\views\elements\sidebar\categories.ctp, line 34]
2009-11-05 01:36:01 Warning: Warning (2): Invalid argument supplied for foreach() in [APP\views\elements\sidebar\categories.ctp, line 34]
2009-11-05 01:36:01 Warning: Warning (2): Invalid argument supplied for foreach() in [APP\views\elements\sidebar\categories.ctp, line 34]
2009-11-05 01:36:29 Warning: Warning (2): Invalid argument supplied for foreach() in [APP\views\elements\sidebar\categories.ctp, line 34]
2009-11-05 01:36:41 Warning: Warning (2): Invalid argument supplied for foreach() in [APP\views\elements\sidebar\categories.ctp, line 34]
2009-11-05 01:38:14 Warning: Warning (2): Invalid argument supplied for foreach() in [APP\views\elements\sidebar\categories.ctp, line 34]
2009-11-05 01:41:03 Warning: Warning (2): Invalid argument supplied for foreach() in [APP\views\elements\sidebar\categories.ctp, line 34]
2009-11-05 01:41:06 Warning: Warning (512): <span style = "color:Red;text-align:left"><b>SQL Error:</b> 1064: You have an error in your SQL syntax; check the manual that corresponds to your MySQL server version for the right syntax to use near 'contain' at line 1</span> in [CORE\cake\libs\model\datasources\dbo_source.php, line 525]
2009-11-05 01:41:06 Warning: Warning (512): <span style = "color:Red;text-align:left"><b>SQL Error:</b> 1064: You have an error in your SQL syntax; check the manual that corresponds to your MySQL server version for the right syntax to use near 'contain' at line 1</span> in [CORE\cake\libs\model\datasources\dbo_source.php, line 525]
2009-11-05 01:41:08 Warning: Warning (512): <span style = "color:Red;text-align:left"><b>SQL Error:</b> 1064: You have an error in your SQL syntax; check the manual that corresponds to your MySQL server version for the right syntax to use near 'contain' at line 1</span> in [CORE\cake\libs\model\datasources\dbo_source.php, line 525]
2009-11-05 01:41:20 Warning: Warning (512): <span style = "color:Red;text-align:left"><b>SQL Error:</b> 1064: You have an error in your SQL syntax; check the manual that corresponds to your MySQL server version for the right syntax to use near 'contain' at line 1</span> in [CORE\cake\libs\model\datasources\dbo_source.php, line 525]
2009-11-05 01:41:22 Warning: Warning (512): <span style = "color:Red;text-align:left"><b>SQL Error:</b> 1064: You have an error in your SQL syntax; check the manual that corresponds to your MySQL server version for the right syntax to use near 'contain' at line 1</span> in [CORE\cake\libs\model\datasources\dbo_source.php, line 525]
2009-11-05 01:41:22 Warning: Warning (2): Invalid argument supplied for foreach() in [APP\views\elements\sidebar\categories.ctp, line 34]
2009-11-05 01:41:41 Warning: Warning (512): <span style = "color:Red;text-align:left"><b>SQL Error:</b> 1064: You have an error in your SQL syntax; check the manual that corresponds to your MySQL server version for the right syntax to use near 'contain' at line 1</span> in [CORE\cake\libs\model\datasources\dbo_source.php, line 525]
2009-11-05 01:41:43 Warning: Warning (2): Invalid argument supplied for foreach() in [APP\views\elements\sidebar\categories.ctp, line 34]
2009-11-05 01:41:43 Warning: Warning (512): <span style = "color:Red;text-align:left"><b>SQL Error:</b> 1064: You have an error in your SQL syntax; check the manual that corresponds to your MySQL server version for the right syntax to use near 'contain' at line 1</span> in [CORE\cake\libs\model\datasources\dbo_source.php, line 525]
2009-11-05 01:41:44 Warning: Warning (512): <span style = "color:Red;text-align:left"><b>SQL Error:</b> 1064: You have an error in your SQL syntax; check the manual that corresponds to your MySQL server version for the right syntax to use near 'contain' at line 1</span> in [CORE\cake\libs\model\datasources\dbo_source.php, line 525]
2009-11-05 01:41:44 Warning: Warning (512): <span style = "color:Red;text-align:left"><b>SQL Error:</b> 1064: You have an error in your SQL syntax; check the manual that corresponds to your MySQL server version for the right syntax to use near 'contain' at line 1</span> in [CORE\cake\libs\model\datasources\dbo_source.php, line 525]
2009-11-05 01:41:45 Warning: Warning (2): Invalid argument supplied for foreach() in [APP\views\elements\sidebar\categories.ctp, line 34]
2009-11-05 01:41:46 Warning: Warning (512): <span style = "color:Red;text-align:left"><b>SQL Error:</b> 1064: You have an error in your SQL syntax; check the manual that corresponds to your MySQL server version for the right syntax to use near 'contain' at line 1</span> in [CORE\cake\libs\model\datasources\dbo_source.php, line 525]
2009-11-05 01:42:13 Warning: Warning (512): <span style = "color:Red;text-align:left"><b>SQL Error:</b> 1064: You have an error in your SQL syntax; check the manual that corresponds to your MySQL server version for the right syntax to use near 'contain' at line 1</span> in [CORE\cake\libs\model\datasources\dbo_source.php, line 525]
2009-11-05 01:42:14 Warning: Warning (512): <span style = "color:Red;text-align:left"><b>SQL Error:</b> 1064: You have an error in your SQL syntax; check the manual that corresponds to your MySQL server version for the right syntax to use near 'contain' at line 1</span> in [CORE\cake\libs\model\datasources\dbo_source.php, line 525]
2009-11-05 01:42:28 Warning: Warning (512): <span style = "color:Red;text-align:left"><b>SQL Error:</b> 1064: You have an error in your SQL syntax; check the manual that corresponds to your MySQL server version for the right syntax to use near 'contain' at line 1</span> in [CORE\cake\libs\model\datasources\dbo_source.php, line 525]
2009-11-05 01:42:28 Warning: Warning (512): <span style = "color:Red;text-align:left"><b>SQL Error:</b> 1064: You have an error in your SQL syntax; check the manual that corresponds to your MySQL server version for the right syntax to use near 'contain' at line 1</span> in [CORE\cake\libs\model\datasources\dbo_source.php, line 525]
2009-11-05 01:42:55 Warning: Warning (2): Invalid argument supplied for foreach() in [APP\views\elements\sidebar\categories.ctp, line 34]
2009-11-05 01:43:04 Warning: Warning (2): Invalid argument supplied for foreach() in [APP\views\elements\sidebar\categories.ctp, line 34]
2009-11-05 01:45:22 Warning: Warning (2): Invalid argument supplied for foreach() in [APP\views\elements\sidebar\categories.ctp, line 34]
2009-11-05 01:45:29 Warning: Warning (2): Invalid argument supplied for foreach() in [APP\views\elements\sidebar\categories.ctp, line 34]
2009-11-05 01:45:32 Warning: Warning (2): Invalid argument supplied for foreach() in [APP\views\elements\sidebar\categories.ctp, line 34]
2009-11-05 02:05:25 Warning: Warning (2): mysql_connect() [<a href='http://php.net/function.mysql-connect'>function.mysql-connect</a>]: Access denied for user 'root'@'c-71-57-161-127.hsd1.fl.comcast.net' (using password: NO) in [CORE\cake\libs\model\datasources\dbo\dbo_mysql.php, line 376]
2009-11-05 02:05:25 Warning: Warning (2): mysql_select_db() expects parameter 2 to be resource, boolean given in [CORE\cake\libs\model\datasources\dbo\dbo_mysql.php, line 379]
2009-11-05 02:05:25 Warning: Warning (2): mysql_get_server_info() expects parameter 1 to be resource, boolean given in [CORE\cake\libs\model\datasources\dbo\dbo_mysql.php, line 387]
2009-11-05 02:05:25 Warning: Warning (2): mysql_query() expects parameter 2 to be resource, boolean given in [CORE\cake\libs\model\datasources\dbo\dbo_mysql.php, line 411]
2009-11-05 02:05:25 Warning: Warning (2): Invalid argument supplied for foreach() in [APP\views\elements\sidebar\categories.ctp, line 34]
2009-11-05 02:05:25 Warning: Warning (2): mysql_connect() [<a href='http://php.net/function.mysql-connect'>function.mysql-connect</a>]: Access denied for user 'root'@'c-71-57-161-127.hsd1.fl.comcast.net' (using password: NO) in [CORE\cake\libs\model\datasources\dbo\dbo_mysql.php, line 376]
2009-11-05 02:05:25 Warning: Warning (2): mysql_select_db() expects parameter 2 to be resource, boolean given in [CORE\cake\libs\model\datasources\dbo\dbo_mysql.php, line 379]
2009-11-05 02:05:25 Warning: Warning (2): mysql_get_server_info() expects parameter 1 to be resource, boolean given in [CORE\cake\libs\model\datasources\dbo\dbo_mysql.php, line 387]
2009-11-05 02:05:25 Warning: Warning (2): mysql_query() expects parameter 2 to be resource, boolean given in [CORE\cake\libs\model\datasources\dbo\dbo_mysql.php, line 411]
2009-11-05 02:05:25 Warning: Warning (2): Invalid argument supplied for foreach() in [APP\views\elements\sidebar\categories.ctp, line 34]
2009-11-05 02:05:38 Warning: Warning (2): Cannot modify header information - headers already sent by (output started at C:\Sites\passionmansion.com\app\app_controller.php:149) in [CORE\cake\libs\controller\controller.php, line 644]
2009-11-05 02:08:36 Warning: Warning (2): Cannot modify header information - headers already sent by (output started at C:\Sites\passionmansion.com\app\app_controller.php:149) in [CORE\cake\libs\controller\controller.php, line 644]
2009-11-05 02:08:46 Warning: Warning (2): Cannot modify header information - headers already sent by (output started at C:\Sites\passionmansion.com\app\app_controller.php:149) in [CORE\cake\libs\controller\controller.php, line 644]
2009-11-05 02:13:31 Warning: Warning (2): Invalid argument supplied for foreach() in [APP\views\elements\sidebar\categories.ctp, line 34]
2009-11-05 02:13:31 Warning: Warning (2): Invalid argument supplied for foreach() in [APP\views\elements\sidebar\categories.ctp, line 34]
2009-11-05 02:13:31 Warning: Warning (2): Invalid argument supplied for foreach() in [APP\views\elements\sidebar\categories.ctp, line 34]
2009-11-05 02:13:41 Warning: Warning (2): Invalid argument supplied for foreach() in [APP\views\elements\sidebar\categories.ctp, line 34]
2009-11-05 02:24:47 Warning: Warning (2): sprintf() [<a href='http://php.net/function.sprintf'>function.sprintf</a>]: Too few arguments in [APP\views\helpers\dojo.php, line 20]
2009-11-05 02:25:15 Warning: Warning (2): sprintf() [<a href='http://php.net/function.sprintf'>function.sprintf</a>]: Too few arguments in [APP\views\helpers\dojo.php, line 16]
2009-11-05 02:39:10 Warning: Warning (512): <span style = "color:Red;text-align:left"><b>SQL Error:</b> 1054: Unknown column 'Rating.product_code' in 'on clause'</span> in [CORE\cake\libs\model\datasources\dbo_source.php, line 525]
2009-11-05 02:39:18 Warning: Warning (512): <span style = "color:Red;text-align:left"><b>SQL Error:</b> 1054: Unknown column 'Rating.product_code' in 'on clause'</span> in [CORE\cake\libs\model\datasources\dbo_source.php, line 525]
2009-11-05 02:39:57 Warning: Warning (512): <span style = "color:Red;text-align:left"><b>SQL Error:</b> 1054: Unknown column 'Product.product_code' in 'where clause'</span> in [CORE\cake\libs\model\datasources\dbo_source.php, line 525]
2009-11-05 02:40:02 Warning: Warning (512): <span style = "color:Red;text-align:left"><b>SQL Error:</b> 1054: Unknown column 'Product.product_code' in 'where clause'</span> in [CORE\cake\libs\model\datasources\dbo_source.php, line 525]
2009-11-05 02:40:04 Warning: Warning (2): Invalid argument supplied for foreach() in [APP\views\elements\sidebar\categories.ctp, line 34]
2009-11-05 02:50:13 Warning: Warning (2): Invalid argument supplied for foreach() in [APP\views\elements\sidebar\categories.ctp, line 34]
2009-11-05 02:50:15 Warning: Warning (2): Invalid argument supplied for foreach() in [APP\views\elements\sidebar\categories.ctp, line 34]
2009-11-05 02:50:19 Warning: Warning (2): Invalid argument supplied for foreach() in [APP\views\elements\sidebar\categories.ctp, line 34]
2009-11-05 02:50:20 Warning: Warning (2): Invalid argument supplied for foreach() in [APP\views\elements\sidebar\categories.ctp, line 34]
2009-11-05 02:50:32 Warning: Warning (2): mysql_connect() [<a href='http://php.net/function.mysql-connect'>function.mysql-connect</a>]: Access denied for user 'root'@'c-71-57-161-127.hsd1.fl.comcast.net' (using password: NO) in [CORE\cake\libs\model\datasources\dbo\dbo_mysql.php, line 376]
2009-11-05 02:50:32 Warning: Warning (2): mysql_select_db() expects parameter 2 to be resource, boolean given in [CORE\cake\libs\model\datasources\dbo\dbo_mysql.php, line 379]
2009-11-05 02:50:32 Warning: Warning (2): mysql_get_server_info() expects parameter 1 to be resource, boolean given in [CORE\cake\libs\model\datasources\dbo\dbo_mysql.php, line 387]
2009-11-05 02:50:32 Warning: Warning (2): mysql_query() expects parameter 2 to be resource, boolean given in [CORE\cake\libs\model\datasources\dbo\dbo_mysql.php, line 411]
2009-11-05 02:50:32 Warning: Warning (2): Invalid argument supplied for foreach() in [APP\views\elements\sidebar\categories.ctp, line 34]
2009-11-05 02:50:33 Warning: Warning (2): Invalid argument supplied for foreach() in [APP\views\elements\sidebar\categories.ctp, line 34]
2009-11-05 02:50:35 Warning: Warning (2): mysql_connect() [<a href='http://php.net/function.mysql-connect'>function.mysql-connect</a>]: Access denied for user 'root'@'c-71-57-161-127.hsd1.fl.comcast.net' (using password: NO) in [CORE\cake\libs\model\datasources\dbo\dbo_mysql.php, line 376]
2009-11-05 02:50:35 Warning: Warning (2): mysql_select_db() expects parameter 2 to be resource, boolean given in [CORE\cake\libs\model\datasources\dbo\dbo_mysql.php, line 379]
2009-11-05 02:50:35 Warning: Warning (2): mysql_get_server_info() expects parameter 1 to be resource, boolean given in [CORE\cake\libs\model\datasources\dbo\dbo_mysql.php, line 387]
2009-11-05 02:50:35 Warning: Warning (2): mysql_query() expects parameter 2 to be resource, boolean given in [CORE\cake\libs\model\datasources\dbo\dbo_mysql.php, line 411]
2009-11-05 02:50:35 Warning: Warning (2): Invalid argument supplied for foreach() in [APP\views\elements\sidebar\categories.ctp, line 34]
2009-11-05 02:50:36 Warning: Warning (2): Invalid argument supplied for foreach() in [APP\views\elements\sidebar\categories.ctp, line 34]
2009-11-05 02:51:14 Warning: Warning (512): <span style = "color:Red;text-align:left"><b>SQL Error:</b> 2013: Lost connection to MySQL server during query</span> in [CORE\cake\libs\model\datasources\dbo_source.php, line 525]
2009-11-05 02:51:14 Warning: Warning (512): <span style = "color:Red;text-align:left"><b>SQL Error:</b> 2013: Lost connection to MySQL server during query</span> in [CORE\cake\libs\model\datasources\dbo_source.php, line 525]
2009-11-05 02:51:14 Warning: Warning (512): <span style = "color:Red;text-align:left"><b>SQL Error:</b> 2006: MySQL server has gone away</span> in [CORE\cake\libs\model\datasources\dbo_source.php, line 525]
2009-11-05 02:51:14 Warning: Warning (512): <span style = "color:Red;text-align:left"><b>SQL Error:</b> 2006: MySQL server has gone away</span> in [CORE\cake\libs\model\datasources\dbo_source.php, line 525]
2009-11-05 02:51:14 Warning: Warning (2): Invalid argument supplied for foreach() in [APP\views\elements\product_view.ctp, line 21]
2009-11-05 02:51:14 Warning: Warning (2): Invalid argument supplied for foreach() in [APP\views\elements\product_view.ctp, line 21]
2009-11-05 02:51:14 Warning: Warning (2): Invalid argument supplied for foreach() in [APP\views\elements\sidebar\categories.ctp, line 34]
2009-11-05 02:51:15 Warning: Warning (2): Invalid argument supplied for foreach() in [APP\views\elements\sidebar\categories.ctp, line 34]
2009-11-05 02:51:15 Warning: Warning (2): session_regenerate_id() [<a href='http://php.net/function.session-regenerate-id'>function.session-regenerate-id</a>]: Session object destruction failed in [CORE\cake\libs\session.php, line 600]
2009-11-05 02:51:15 Warning: Warning (512): <span style = "color:Red;text-align:left"><b>SQL Error:</b> 2006: MySQL server has gone away</span> in [CORE\cake\libs\model\datasources\dbo_source.php, line 525]
2009-11-05 02:51:15 Warning: Warning (2): Invalid argument supplied for foreach() in [CORE\cake\libs\model\datasources\dbo\dbo_mysql.php, line 451]
2009-11-05 02:51:15 Warning: Warning (2): array_keys() expects parameter 1 to be array, boolean given in [CORE\cake\libs\model\datasources\dbo_source.php, line 1671]
2009-11-05 02:51:15 Warning: Warning (2): array_filter() expects parameter 1 to be array, null given in [CORE\cake\libs\model\datasources\dbo_source.php, line 1675]
2009-11-05 02:51:15 Warning: Warning (2): array_values() expects parameter 1 to be array, null given in [CORE\cake\libs\model\datasources\dbo_source.php, line 1675]
2009-11-05 02:51:15 Warning: Warning (2): array_unique() expects parameter 1 to be array, null given in [CORE\cake\libs\model\datasources\dbo_source.php, line 1737]
2009-11-05 02:51:15 Warning: Warning (2): array_unique() expects parameter 1 to be array, null given in [CORE\cake\libs\model\datasources\dbo_source.php, line 1060]
2009-11-05 02:51:15 Warning: Warning (2): join() [<a href='http://php.net/function.join'>function.join</a>]: Invalid arguments passed in [CORE\cake\libs\model\datasources\dbo_source.php, line 1273]
2009-11-05 02:51:15 Warning: Warning (2): Invalid argument supplied for foreach() in [APP\models\setting.php, line 21]
2009-11-05 02:51:15 Warning: Warning (2): Invalid argument supplied for foreach() in [APP\views\elements\product_view.ctp, line 21]
2009-11-05 02:51:15 Warning: Warning (2): Invalid argument supplied for foreach() in [APP\views\elements\sidebar\categories.ctp, line 34]
2009-11-05 02:51:27 Warning: Warning (2): Invalid argument supplied for foreach() in [APP\views\elements\sidebar\categories.ctp, line 34]
2009-11-05 02:51:29 Warning: Warning (2): Invalid argument supplied for foreach() in [APP\views\elements\sidebar\categories.ctp, line 34]
2009-11-05 02:51:56 Warning: Warning (2): Invalid argument supplied for foreach() in [APP\views\elements\sidebar\categories.ctp, line 34]
2009-11-05 02:51:58 Warning: Warning (2): Invalid argument supplied for foreach() in [APP\views\elements\sidebar\categories.ctp, line 34]
2009-11-05 02:52:07 Warning: Warning (2): Invalid argument supplied for foreach() in [APP\views\elements\sidebar\categories.ctp, line 34]
2009-11-05 02:52:09 Warning: Warning (2): Invalid argument supplied for foreach() in [APP\views\elements\sidebar\categories.ctp, line 34]
2009-11-05 02:52:11 Warning: Warning (2): Invalid argument supplied for foreach() in [APP\views\elements\sidebar\categories.ctp, line 34]
2009-11-05 02:52:12 Warning: Warning (2): Invalid argument supplied for foreach() in [APP\views\elements\sidebar\categories.ctp, line 34]
2009-11-05 02:52:21 Warning: Warning (2): Invalid argument supplied for foreach() in [APP\views\elements\sidebar\categories.ctp, line 34]
2009-11-05 02:52:22 Warning: Warning (2): Invalid argument supplied for foreach() in [APP\views\elements\sidebar\categories.ctp, line 34]
2009-11-05 02:53:02 Warning: Warning (2): Invalid argument supplied for foreach() in [APP\views\elements\sidebar\categories.ctp, line 34]
2009-11-05 02:53:04 Warning: Warning (2): Invalid argument supplied for foreach() in [APP\views\elements\sidebar\categories.ctp, line 34]
2009-11-05 02:53:06 Warning: Warning (2): Invalid argument supplied for foreach() in [APP\views\elements\sidebar\categories.ctp, line 34]
2009-11-05 02:53:07 Warning: Warning (2): Invalid argument supplied for foreach() in [APP\views\elements\sidebar\categories.ctp, line 34]
2009-11-05 02:53:08 Warning: Warning (2): Invalid argument supplied for foreach() in [APP\views\elements\sidebar\categories.ctp, line 34]
2009-11-05 02:53:09 Warning: Warning (2): Invalid argument supplied for foreach() in [APP\views\elements\sidebar\categories.ctp, line 34]
2009-11-05 02:53:53 Warning: Warning (2): Invalid argument supplied for foreach() in [APP\views\elements\sidebar\categories.ctp, line 34]
2009-11-05 02:53:54 Warning: Warning (2): Invalid argument supplied for foreach() in [APP\views\elements\sidebar\categories.ctp, line 34]
2009-11-05 02:53:56 Warning: Warning (2): Invalid argument supplied for foreach() in [APP\views\elements\sidebar\categories.ctp, line 34]
2009-11-05 02:53:58 Warning: Warning (2): Invalid argument supplied for foreach() in [APP\views\elements\sidebar\categories.ctp, line 34]
2009-11-05 02:53:58 Warning: Warning (2): Invalid argument supplied for foreach() in [APP\views\elements\sidebar\categories.ctp, line 34]
2009-11-05 02:53:58 Warning: Warning (2): Invalid argument supplied for foreach() in [APP\views\elements\sidebar\categories.ctp, line 34]
2009-11-05 02:54:00 Warning: Warning (2): Invalid argument supplied for foreach() in [APP\views\elements\sidebar\categories.ctp, line 34]
2009-11-05 02:54:01 Warning: Warning (2): Invalid argument supplied for foreach() in [APP\views\elements\sidebar\categories.ctp, line 34]
2009-11-05 02:54:10 Warning: Warning (2): Invalid argument supplied for foreach() in [APP\views\elements\sidebar\categories.ctp, line 34]
2009-11-05 02:54:11 Warning: Warning (2): Invalid argument supplied for foreach() in [APP\views\elements\sidebar\categories.ctp, line 34]
2009-11-05 02:54:12 Warning: Warning (2): Invalid argument supplied for foreach() in [APP\views\elements\sidebar\categories.ctp, line 34]
2009-11-05 02:54:13 Warning: Warning (2): Invalid argument supplied for foreach() in [APP\views\elements\sidebar\categories.ctp, line 34]
2009-11-05 02:54:33 Warning: Warning (512): <span style = "color:Red;text-align:left"><b>SQL Error:</b> 126: Incorrect key file for table '.\pmansion\products.MYI'; try to repair it</span> in [CORE\cake\libs\model\datasources\dbo_source.php, line 525]
2009-11-05 02:54:33 Warning: Warning (512): <span style = "color:Red;text-align:left"><b>SQL Error:</b> 1194: Table 'products' is marked as crashed and should be repaired</span> in [CORE\cake\libs\model\datasources\dbo_source.php, line 525]
2010-01-24 06:04:03 Warning: Warning (512): Cache not configured properly. Please check Cache::config(); in APP/config/core.php in [CORE\cake\libs\configure.php, line 663]
2010-01-24 06:04:03 Warning: Warning (2): array_merge() [<a href='http://php.net/function.array-merge'>function.array-merge</a>]: Argument #1 is not an array in [CORE\cake\libs\configure.php, line 684]
2010-01-24 06:04:03 Warning: Warning (2): array_merge() [<a href='http://php.net/function.array-merge'>function.array-merge</a>]: Argument #1 is not an array in [CORE\cake\libs\configure.php, line 691]
2010-01-24 06:04:03 Warning: Warning (2): file_get_contents(C:\xampp\htdocs\passionmansion.com\app\config\plugin_routes.txt) [<a href='http://php.net/function.file-get-contents'>function.file-get-contents</a>]: failed to open stream: No such file or directory in [APP\config\croogo_router.php, line 39]
2010-01-24 06:04:03 Warning: Warning (512): <span style = "color:Red;text-align:left"><b>SQL Error:</b> 1064: You have an error in your SQL syntax; check the manual that corresponds to your MySQL server version for the right syntax to use near '' at line 1</span> in [CORE\cake\libs\model\datasources\dbo_source.php, line 525]
2010-01-24 06:04:03 Warning: Warning (2): Invalid argument supplied for foreach() in [CORE\cake\libs\model\datasources\dbo\dbo_mysql.php, line 451]
2010-01-24 06:04:03 Warning: Warning (2): array_keys() expects parameter 1 to be array, boolean given in [CORE\cake\libs\model\datasources\dbo_source.php, line 1671]
2010-01-24 06:04:03 Warning: Warning (2): array_filter() expects parameter 1 to be array, null given in [CORE\cake\libs\model\datasources\dbo_source.php, line 1675]
2010-01-24 06:04:03 Warning: Warning (2): array_values() expects parameter 1 to be array, null given in [CORE\cake\libs\model\datasources\dbo_source.php, line 1675]
2010-01-24 06:04:03 Warning: Warning (2): array_unique() expects parameter 1 to be array, null given in [CORE\cake\libs\model\datasources\dbo_source.php, line 1737]
2010-01-24 06:04:16 Warning: Warning (512): Cache not configured properly. Please check Cache::config(); in APP/config/core.php in [CORE\cake\libs\configure.php, line 663]
2010-01-24 06:04:16 Warning: Warning (2): array_merge() [<a href='http://php.net/function.array-merge'>function.array-merge</a>]: Argument #1 is not an array in [CORE\cake\libs\configure.php, line 684]
2010-01-24 06:04:16 Warning: Warning (2): array_merge() [<a href='http://php.net/function.array-merge'>function.array-merge</a>]: Argument #1 is not an array in [CORE\cake\libs\configure.php, line 691]
2010-01-24 06:04:16 Warning: Warning (2): file_get_contents(C:\xampp\htdocs\passionmansion.com\app\config\plugin_routes.txt) [<a href='http://php.net/function.file-get-contents'>function.file-get-contents</a>]: failed to open stream: No such file or directory in [APP\config\croogo_router.php, line 39]
2010-01-24 06:04:19 Warning: Warning (512): Cache not configured properly. Please check Cache::config(); in APP/config/core.php in [CORE\cake\libs\configure.php, line 663]
2010-01-24 06:04:19 Warning: Warning (2): array_merge() [<a href='http://php.net/function.array-merge'>function.array-merge</a>]: Argument #1 is not an array in [CORE\cake\libs\configure.php, line 684]
2010-01-24 06:04:19 Warning: Warning (2): array_merge() [<a href='http://php.net/function.array-merge'>function.array-merge</a>]: Argument #1 is not an array in [CORE\cake\libs\configure.php, line 691]
2010-01-24 06:04:20 Warning: Warning (2): file_get_contents(C:\xampp\htdocs\passionmansion.com\app\config\plugin_routes.txt) [<a href='http://php.net/function.file-get-contents'>function.file-get-contents</a>]: failed to open stream: No such file or directory in [APP\config\croogo_router.php, line 39]
2010-01-24 06:04:46 Warning: Warning (2): file_get_contents(C:\xampp\htdocs\passionmansion.com\app\config\plugin_routes.txt) [<a href='http://php.net/function.file-get-contents'>function.file-get-contents</a>]: failed to open stream: No such file or directory in [APP\config\croogo_router.php, line 39]
2010-01-24 06:04:51 Warning: Warning (2): file_get_contents(C:\xampp\htdocs\passionmansion.com\app\config\plugin_routes.txt) [<a href='http://php.net/function.file-get-contents'>function.file-get-contents</a>]: failed to open stream: No such file or directory in [APP\config\croogo_router.php, line 39]
2010-01-24 06:05:26 Warning: Warning (2): session_start() [<a href='http://php.net/function.session-start'>function.session-start</a>]: open(C:\xampp\htdocs\passionmansion.com\app\tmp\sessions\sess_gm74ev2l78mugqml22gqdc8587, O_RDWR) failed: No such file or directory (2) in [CORE\cake\libs\session.php, line 540]
2010-01-24 06:05:26 Warning: Warning (2): session_start() [<a href='http://php.net/function.session-start'>function.session-start</a>]: Cannot send session cookie - headers already sent by (output started at C:\xampp\htdocs\passionmansion.com\cake\basics.php:109) in [CORE\cake\libs\session.php, line 540]
2010-01-24 06:05:26 Warning: Warning (2): session_start() [<a href='http://php.net/function.session-start'>function.session-start</a>]: Cannot send session cache limiter - headers already sent (output started at C:\xampp\htdocs\passionmansion.com\cake\basics.php:109) in [CORE\cake\libs\session.php, line 540]
2010-01-24 06:05:26 Warning: Warning (2): Cannot modify header information - headers already sent by (output started at C:\xampp\htdocs\passionmansion.com\cake\basics.php:109) in [CORE\cake\libs\session.php, line 541]
2010-01-24 06:05:29 Warning: Warning (2): Unknown: open(C:\xampp\htdocs\passionmansion.com\app\tmp\sessions\sess_gm74ev2l78mugqml22gqdc8587, O_RDWR) failed: No such file or directory (2) in [Unknown, line ??]
2010-01-24 06:05:29 Warning: Warning (2): Unknown: Failed to write session data (files). Please verify that the current setting of session.save_path is correct (C:\xampp\htdocs\passionmansion.com\app\tmp\sessions) in [Unknown, line ??]
2010-01-24 06:05:32 Warning: Warning (2): session_start() [<a href='http://php.net/function.session-start'>function.session-start</a>]: open(C:\xampp\htdocs\passionmansion.com\app\tmp\sessions\sess_fp4169vf09jlt5aeuj4fh82fv1, O_RDWR) failed: No such file or directory (2) in [CORE\cake\libs\session.php, line 540]
2010-01-24 06:05:32 Warning: Warning (2): session_start() [<a href='http://php.net/function.session-start'>function.session-start</a>]: Cannot send session cookie - headers already sent by (output started at C:\xampp\htdocs\passionmansion.com\cake\basics.php:109) in [CORE\cake\libs\session.php, line 540]
2010-01-24 06:05:32 Warning: Warning (2): session_start() [<a href='http://php.net/function.session-start'>function.session-start</a>]: Cannot send session cache limiter - headers already sent (output started at C:\xampp\htdocs\passionmansion.com\cake\basics.php:109) in [CORE\cake\libs\session.php, line 540]
2010-01-24 06:05:32 Warning: Warning (2): Cannot modify header information - headers already sent by (output started at C:\xampp\htdocs\passionmansion.com\cake\basics.php:109) in [CORE\cake\libs\session.php, line 541]
2010-01-24 06:20:13 Warning: Warning (2): preg_match() expects parameter 2 to be string, array given in [CORE\cake\libs\model\datasources\dbo_source.php, line 1684]
2010-01-24 06:20:13 Warning: Warning (2): preg_match() expects parameter 2 to be string, array given in [CORE\cake\libs\model\datasources\dbo_source.php, line 1686]
2010-01-24 06:20:13 Warning: Warning (2): strpos() expects parameter 1 to be string, array given in [CORE\cake\libs\model\datasources\dbo_source.php, line 1689]
2010-01-24 06:20:13 Warning: Warning (2): trim() expects parameter 1 to be string, array given in [CORE\cake\libs\model\datasources\dbo_source.php, line 1691]
2010-01-24 06:20:13 Warning: Warning (512): <span style = "color:Red;text-align:left"><b>SQL Error:</b> 1064: You have an error in your SQL syntax; check the manual that corresponds to your MySQL server version for the right syntax to use near 'Category`.`-1`, `Category`.`id` FROM `categories` AS `Category`   WHERE find    ' at line 1</span> in [CORE\cake\libs\model\datasources\dbo_source.php, line 525]
2010-01-24 06:21:18 Warning: Warning (2): preg_match() expects parameter 2 to be string, array given in [CORE\cake\libs\model\datasources\dbo_source.php, line 1684]
2010-01-24 06:21:18 Warning: Warning (2): preg_match() expects parameter 2 to be string, array given in [CORE\cake\libs\model\datasources\dbo_source.php, line 1686]
2010-01-24 06:21:18 Warning: Warning (2): strpos() expects parameter 1 to be string, array given in [CORE\cake\libs\model\datasources\dbo_source.php, line 1689]
2010-01-24 06:21:18 Warning: Warning (2): trim() expects parameter 1 to be string, array given in [CORE\cake\libs\model\datasources\dbo_source.php, line 1691]
2010-01-24 06:21:18 Warning: Warning (512): <span style = "color:Red;text-align:left"><b>SQL Error:</b> 1064: You have an error in your SQL syntax; check the manual that corresponds to your MySQL server version for the right syntax to use near 'Category`.`-1`, `Category`.`id` FROM `categories` AS `Category`   WHERE find    ' at line 1</span> in [CORE\cake\libs\model\datasources\dbo_source.php, line 525]
2010-01-24 06:21:18 Warning: Warning (2): array_keys() expects parameter 1 to be array, null given in [APP\plugins\debug_kit\controllers\components\toolbar.php, line 627]
2010-01-24 06:21:18 Warning: Warning (2): Invalid argument supplied for foreach() in [APP\plugins\debug_kit\controllers\components\toolbar.php, line 628]
2010-01-24 06:21:19 Warning: Warning (2): array_merge() [<a href='http://php.net/function.array-merge'>function.array-merge</a>]: Argument #2 is not an array in [APP\plugins\debug_kit\controllers\components\toolbar.php, line 631]
2010-01-24 06:21:19 Warning: Warning (2): Invalid argument supplied for foreach() in [APP\views\elements\sidebar\categories.ctp, line 33]
2010-01-24 06:21:20 Warning: Warning (2): preg_match() expects parameter 2 to be string, array given in [CORE\cake\libs\model\datasources\dbo_source.php, line 1684]
2010-01-24 06:21:20 Warning: Warning (2): preg_match() expects parameter 2 to be string, array given in [CORE\cake\libs\model\datasources\dbo_source.php, line 1686]
2010-01-24 06:21:20 Warning: Warning (2): strpos() expects parameter 1 to be string, array given in [CORE\cake\libs\model\datasources\dbo_source.php, line 1689]
2010-01-24 06:21:20 Warning: Warning (2): trim() expects parameter 1 to be string, array given in [CORE\cake\libs\model\datasources\dbo_source.php, line 1691]
2010-01-24 06:21:20 Warning: Warning (512): <span style = "color:Red;text-align:left"><b>SQL Error:</b> 1064: You have an error in your SQL syntax; check the manual that corresponds to your MySQL server version for the right syntax to use near 'Category`.`-1`, `Category`.`id` FROM `categories` AS `Category`   WHERE find    ' at line 1</span> in [CORE\cake\libs\model\datasources\dbo_source.php, line 525]
2010-01-24 06:21:20 Warning: Warning (2): array_keys() expects parameter 1 to be array, null given in [APP\plugins\debug_kit\controllers\components\toolbar.php, line 627]
2010-01-24 06:21:20 Warning: Warning (2): Invalid argument supplied for foreach() in [APP\plugins\debug_kit\controllers\components\toolbar.php, line 628]
2010-01-24 06:21:20 Warning: Warning (2): array_merge() [<a href='http://php.net/function.array-merge'>function.array-merge</a>]: Argument #2 is not an array in [APP\plugins\debug_kit\controllers\components\toolbar.php, line 631]
2010-01-24 06:21:20 Warning: Warning (2): Invalid argument supplied for foreach() in [APP\views\elements\sidebar\categories.ctp, line 33]
2010-01-24 06:22:02 Warning: Warning (2): preg_match() expects parameter 2 to be string, array given in [CORE\cake\libs\model\datasources\dbo_source.php, line 1684]
2010-01-24 06:22:02 Warning: Warning (2): preg_match() expects parameter 2 to be string, array given in [CORE\cake\libs\model\datasources\dbo_source.php, line 1686]
2010-01-24 06:22:02 Warning: Warning (2): strpos() expects parameter 1 to be string, array given in [CORE\cake\libs\model\datasources\dbo_source.php, line 1689]
2010-01-24 06:22:02 Warning: Warning (2): trim() expects parameter 1 to be string, array given in [CORE\cake\libs\model\datasources\dbo_source.php, line 1691]
2010-01-24 06:22:02 Warning: Warning (512): <span style = "color:Red;text-align:left"><b>SQL Error:</b> 1064: You have an error in your SQL syntax; check the manual that corresponds to your MySQL server version for the right syntax to use near 'Category`.`-1`, `Category`.`id` FROM `categories` AS `Category`   WHERE find    ' at line 1</span> in [CORE\cake\libs\model\datasources\dbo_source.php, line 525]
2010-01-24 06:22:02 Warning: Warning (2): array_keys() expects parameter 1 to be array, null given in [APP\plugins\debug_kit\controllers\components\toolbar.php, line 627]
2010-01-24 06:22:02 Warning: Warning (2): Invalid argument supplied for foreach() in [APP\plugins\debug_kit\controllers\components\toolbar.php, line 628]
2010-01-24 06:22:02 Warning: Warning (2): array_merge() [<a href='http://php.net/function.array-merge'>function.array-merge</a>]: Argument #2 is not an array in [APP\plugins\debug_kit\controllers\components\toolbar.php, line 631]
2010-01-24 06:22:02 Warning: Warning (2): Invalid argument supplied for foreach() in [APP\views\elements\sidebar\categories.ctp, line 33]
2010-01-24 06:22:03 Warning: Warning (2): preg_match() expects parameter 2 to be string, array given in [CORE\cake\libs\model\datasources\dbo_source.php, line 1684]
2010-01-24 06:22:03 Warning: Warning (2): preg_match() expects parameter 2 to be string, array given in [CORE\cake\libs\model\datasources\dbo_source.php, line 1686]
2010-01-24 06:22:03 Warning: Warning (2): strpos() expects parameter 1 to be string, array given in [CORE\cake\libs\model\datasources\dbo_source.php, line 1689]
2010-01-24 06:22:03 Warning: Warning (2): trim() expects parameter 1 to be string, array given in [CORE\cake\libs\model\datasources\dbo_source.php, line 1691]
2010-01-24 06:22:03 Warning: Warning (512): <span style = "color:Red;text-align:left"><b>SQL Error:</b> 1064: You have an error in your SQL syntax; check the manual that corresponds to your MySQL server version for the right syntax to use near 'Category`.`-1`, `Category`.`id` FROM `categories` AS `Category`   WHERE find    ' at line 1</span> in [CORE\cake\libs\model\datasources\dbo_source.php, line 525]
2010-01-24 06:22:04 Warning: Warning (2): array_keys() expects parameter 1 to be array, null given in [APP\plugins\debug_kit\controllers\components\toolbar.php, line 627]
2010-01-24 06:22:04 Warning: Warning (2): Invalid argument supplied for foreach() in [APP\plugins\debug_kit\controllers\components\toolbar.php, line 628]
2010-01-24 06:22:04 Warning: Warning (2): array_merge() [<a href='http://php.net/function.array-merge'>function.array-merge</a>]: Argument #2 is not an array in [APP\plugins\debug_kit\controllers\components\toolbar.php, line 631]
2010-01-24 06:22:04 Warning: Warning (2): Invalid argument supplied for foreach() in [APP\views\elements\sidebar\categories.ctp, line 33]
2010-01-24 06:40:18 Warning: Warning (2): Invalid argument supplied for foreach() in [APP\views\elements\frontend\blocks\categories.ctp, line 33]
2010-01-24 06:43:47 Warning: Warning (512): <span style = "color:Red;text-align:left"><b>SQL Error:</b> 1054: Unknown column 'Product.out_of_stock' in 'where clause'</span> in [CORE\cake\libs\model\datasources\dbo_source.php, line 525]
2010-01-24 06:43:47 Warning: Warning (2): mysql_query() [<a href='http://php.net/function.mysql-query'>function.mysql-query</a>]: Unable to save result set in [CORE\cake\libs\model\datasources\dbo\dbo_mysql.php, line 411]
2010-01-24 06:43:47 Warning: Warning (2): array_keys() expects parameter 1 to be array, null given in [APP\plugins\debug_kit\controllers\components\toolbar.php, line 627]
2010-01-24 06:43:47 Warning: Warning (2): Invalid argument supplied for foreach() in [APP\plugins\debug_kit\controllers\components\toolbar.php, line 628]
2010-01-24 06:43:47 Warning: Warning (2): array_merge() [<a href='http://php.net/function.array-merge'>function.array-merge</a>]: Argument #2 is not an array in [APP\plugins\debug_kit\controllers\components\toolbar.php, line 631]
2010-01-24 06:43:47 Warning: Warning (2): Invalid argument supplied for foreach() in [APP\views\scaffolds\index.ctp, line 41]
2010-01-24 06:43:50 Warning: Warning (512): <span style = "color:Red;text-align:left"><b>SQL Error:</b> 1054: Unknown column 'Product.out_of_stock' in 'where clause'</span> in [CORE\cake\libs\model\datasources\dbo_source.php, line 525]
2010-01-24 06:43:50 Warning: Warning (2): mysql_query() [<a href='http://php.net/function.mysql-query'>function.mysql-query</a>]: Unable to save result set in [CORE\cake\libs\model\datasources\dbo\dbo_mysql.php, line 411]
2010-01-24 06:43:50 Warning: Warning (2): array_keys() expects parameter 1 to be array, null given in [APP\plugins\debug_kit\controllers\components\toolbar.php, line 627]
2010-01-24 06:43:50 Warning: Warning (2): Invalid argument supplied for foreach() in [APP\plugins\debug_kit\controllers\components\toolbar.php, line 628]
2010-01-24 06:43:50 Warning: Warning (2): array_merge() [<a href='http://php.net/function.array-merge'>function.array-merge</a>]: Argument #2 is not an array in [APP\plugins\debug_kit\controllers\components\toolbar.php, line 631]
2010-01-24 06:43:50 Warning: Warning (2): Invalid argument supplied for foreach() in [APP\views\scaffolds\index.ctp, line 41]
2010-01-24 06:43:56 Warning: Warning (512): <span style = "color:Red;text-align:left"><b>SQL Error:</b> 1054: Unknown column 'Product.out_of_stock' in 'where clause'</span> in [CORE\cake\libs\model\datasources\dbo_source.php, line 525]
2010-01-24 06:43:56 Warning: Warning (2): mysql_query() [<a href='http://php.net/function.mysql-query'>function.mysql-query</a>]: Unable to save result set in [CORE\cake\libs\model\datasources\dbo\dbo_mysql.php, line 411]
2010-01-24 06:43:56 Warning: Warning (2): array_keys() expects parameter 1 to be array, null given in [APP\plugins\debug_kit\controllers\components\toolbar.php, line 627]
2010-01-24 06:43:56 Warning: Warning (2): Invalid argument supplied for foreach() in [APP\plugins\debug_kit\controllers\components\toolbar.php, line 628]
2010-01-24 06:43:56 Warning: Warning (2): array_merge() [<a href='http://php.net/function.array-merge'>function.array-merge</a>]: Argument #2 is not an array in [APP\plugins\debug_kit\controllers\components\toolbar.php, line 631]
2010-01-24 06:43:56 Warning: Warning (2): Invalid argument supplied for foreach() in [APP\views\scaffolds\index.ctp, line 41]
2010-01-24 06:46:41 Warning: Warning (512): <span style = "color:Red;text-align:left"><b>SQL Error:</b> 1054: Unknown column 'Product.product_name' in 'field list'</span> in [CORE\cake\libs\model\datasources\dbo_source.php, line 525]
2010-01-24 06:46:41 Warning: Warning (2): Invalid argument supplied for foreach() in [APP\models\product.php, line 99]
2010-01-24 06:46:41 Warning: Warning (2): sort() expects parameter 1 to be array, boolean given in [APP\models\product.php, line 104]
2010-01-24 06:46:41 Warning: Warning (2): Invalid argument supplied for foreach() in [APP\models\product.php, line 105]
2010-01-24 06:46:41 Warning: Warning (2): Invalid argument supplied for foreach() in [APP\models\product.php, line 75]
2010-01-24 06:46:41 Warning: Warning (2): sort() expects parameter 1 to be array, boolean given in [APP\models\product.php, line 80]
2010-01-24 06:46:41 Warning: Warning (2): Invalid argument supplied for foreach() in [APP\models\product.php, line 81]
2010-01-24 06:46:41 Warning: Warning (2): mysql_query() [<a href='http://php.net/function.mysql-query'>function.mysql-query</a>]: Unable to save result set in [CORE\cake\libs\model\datasources\dbo\dbo_mysql.php, line 411]
2010-01-24 06:46:41 Warning: Warning (2): array_keys() expects parameter 1 to be array, null given in [APP\plugins\debug_kit\controllers\components\toolbar.php, line 627]
2010-01-24 06:46:41 Warning: Warning (2): Invalid argument supplied for foreach() in [APP\plugins\debug_kit\controllers\components\toolbar.php, line 628]
2010-01-24 06:46:41 Warning: Warning (2): array_merge() [<a href='http://php.net/function.array-merge'>function.array-merge</a>]: Argument #2 is not an array in [APP\plugins\debug_kit\controllers\components\toolbar.php, line 631]
2010-01-24 06:46:41 Warning: Warning (2): Invalid argument supplied for foreach() in [APP\views\elements\frontend\blocks\product_view.ctp, line 21]
2010-01-24 06:46:41 Warning: Warning (2): Invalid argument supplied for foreach() in [APP\views\elements\product_view.ctp, line 21]
2010-01-24 06:46:41 Warning: Warning (2): array_shift() expects parameter 1 to be array, null given in [APP\plugins\debug_kit\views\elements\sql_log_panel.ctp, line 37]
2010-01-24 06:46:41 Warning: Warning (2): Invalid argument supplied for foreach() in [CORE\cake\libs\view\helpers\html.php, line 516]
2010-01-24 06:47:54 Warning: Warning (512): <span style = "color:Red;text-align:left"><b>SQL Error:</b> 1054: Unknown column 'Product.out_of_stock' in 'where clause'</span> in [CORE\cake\libs\model\datasources\dbo_source.php, line 525]
2010-01-24 06:47:54 Warning: Warning (2): Invalid argument supplied for foreach() in [APP\models\product.php, line 87]
2010-01-24 06:47:54 Warning: Warning (2): sort() expects parameter 1 to be array, boolean given in [APP\models\product.php, line 92]
2010-01-24 06:47:54 Warning: Warning (2): Invalid argument supplied for foreach() in [APP\models\product.php, line 93]
2010-01-24 06:47:54 Warning: Warning (512): <span style = "color:Red;text-align:left"><b>SQL Error:</b> 1054: Unknown column 'Product.product_image' in 'where clause'</span> in [CORE\cake\libs\model\datasources\dbo_source.php, line 525]
2010-01-24 06:47:54 Warning: Warning (2): Invalid argument supplied for foreach() in [APP\models\product.php, line 67]
2010-01-24 06:47:54 Warning: Warning (2): sort() expects parameter 1 to be array, boolean given in [APP\models\product.php, line 72]
2010-01-24 06:47:54 Warning: Warning (2): Invalid argument supplied for foreach() in [APP\models\product.php, line 73]
2010-01-24 06:47:54 Warning: Warning (2): mysql_query() [<a href='http://php.net/function.mysql-query'>function.mysql-query</a>]: Unable to save result set in [CORE\cake\libs\model\datasources\dbo\dbo_mysql.php, line 411]
2010-01-24 06:47:54 Warning: Warning (2): array_keys() expects parameter 1 to be array, null given in [APP\plugins\debug_kit\controllers\components\toolbar.php, line 627]
2010-01-24 06:47:54 Warning: Warning (2): Invalid argument supplied for foreach() in [APP\plugins\debug_kit\controllers\components\toolbar.php, line 628]
2010-01-24 06:47:54 Warning: Warning (2): array_merge() [<a href='http://php.net/function.array-merge'>function.array-merge</a>]: Argument #2 is not an array in [APP\plugins\debug_kit\controllers\components\toolbar.php, line 631]
2010-01-24 06:47:54 Warning: Warning (2): Invalid argument supplied for foreach() in [APP\views\elements\frontend\blocks\product_view.ctp, line 21]
2010-01-24 06:47:54 Warning: Warning (2): Invalid argument supplied for foreach() in [APP\views\elements\product_view.ctp, line 21]
2010-01-24 06:47:54 Warning: Warning (2): array_shift() expects parameter 1 to be array, null given in [APP\plugins\debug_kit\views\elements\sql_log_panel.ctp, line 37]
2010-01-24 06:47:54 Warning: Warning (2): Invalid argument supplied for foreach() in [CORE\cake\libs\view\helpers\html.php, line 516]
2010-01-24 06:56:58 Warning: Warning (2): Invalid argument supplied for foreach() in [APP\views\elements\frontend\blocks\product_view.ctp, line 21]
2010-01-24 06:57:22 Warning: Warning (2): Invalid argument supplied for foreach() in [APP\views\elements\frontend\blocks\product_view.ctp, line 21]
2010-01-24 06:57:22 Warning: Warning (2): Invalid argument supplied for foreach() in [APP\views\elements\frontend\blocks\categories.ctp, line 33]
2010-01-24 07:04:09 Warning: Warning (2): Invalid argument supplied for foreach() in [APP\views\elements\frontend\blocks\categories.ctp, line 33]
2010-01-24 07:05:43 Warning: Warning (2): Invalid argument supplied for foreach() in [APP\views\elements\frontend\blocks\categories.ctp, line 33]
2010-01-24 07:05:47 Warning: Warning (2): Invalid argument supplied for foreach() in [APP\views\elements\frontend\blocks\categories.ctp, line 33]
2010-01-24 07:08:06 Warning: Warning (2): Invalid argument supplied for foreach() in [APP\views\elements\frontend\blocks\categories.ctp, line 33]
2010-01-24 07:08:20 Warning: Warning (2): Invalid argument supplied for foreach() in [APP\views\elements\frontend\blocks\categories.ctp, line 33]
2010-01-24 07:09:06 Warning: Warning (2): Invalid argument supplied for foreach() in [APP\views\elements\frontend\blocks\categories.ctp, line 33]
2010-01-24 07:09:20 Warning: Warning (2): Invalid argument supplied for foreach() in [APP\views\elements\frontend\blocks\categories.ctp, line 33]
2010-01-24 07:10:09 Warning: Warning (2): Invalid argument supplied for foreach() in [APP\views\elements\frontend\blocks\categories.ctp, line 33]
2010-01-24 07:42:07 Warning: Warning (2): Invalid argument supplied for foreach() in [APP\views\elements\frontend\blocks\categories.ctp, line 33]
2010-01-24 07:42:08 Warning: Warning (2): Invalid argument supplied for foreach() in [APP\views\elements\frontend\blocks\categories.ctp, line 33]
2010-01-24 07:42:08 Warning: Warning (2): Invalid argument supplied for foreach() in [APP\views\elements\frontend\blocks\categories.ctp, line 33]
2010-01-24 07:42:11 Warning: Warning (2): Invalid argument supplied for foreach() in [APP\views\elements\frontend\blocks\categories.ctp, line 33]
2010-01-24 07:42:12 Warning: Warning (2): Invalid argument supplied for foreach() in [APP\views\elements\frontend\blocks\categories.ctp, line 33]
2010-01-24 07:42:12 Warning: Warning (2): Invalid argument supplied for foreach() in [APP\views\elements\frontend\blocks\categories.ctp, line 33]
2010-01-24 07:42:26 Warning: Warning (2): Invalid argument supplied for foreach() in [APP\views\elements\frontend\blocks\categories.ctp, line 33]
2010-01-24 07:42:27 Warning: Warning (2): Invalid argument supplied for foreach() in [APP\views\elements\frontend\blocks\categories.ctp, line 33]
2010-01-24 07:43:10 Warning: Warning (2): Invalid argument supplied for foreach() in [APP\views\elements\frontend\blocks\categories.ctp, line 33]
2010-01-24 07:43:11 Warning: Warning (2): Invalid argument supplied for foreach() in [APP\views\elements\frontend\blocks\categories.ctp, line 33]
2010-01-24 07:43:49 Warning: Warning (2): Invalid argument supplied for foreach() in [APP\views\elements\frontend\blocks\categories.ctp, line 33]
2010-01-24 07:43:49 Warning: Warning (2): Invalid argument supplied for foreach() in [APP\views\elements\frontend\blocks\categories.ctp, line 33]
2010-01-24 07:47:27 Warning: Warning (2): Invalid argument supplied for foreach() in [APP\views\elements\frontend\blocks\categories.ctp, line 33]
2010-01-24 07:47:28 Warning: Warning (2): Invalid argument supplied for foreach() in [APP\views\elements\frontend\blocks\categories.ctp, line 33]
2010-01-24 07:51:01 Warning: Warning (2): Invalid argument supplied for foreach() in [APP\views\elements\frontend\blocks\categories.ctp, line 33]
2010-01-24 08:04:57 Warning: Warning (2): copy(C:\xampp\htdocs\passionmansion.com\app\webroot\products\l0685_white_black_250.jpg) [<a href='http://php.net/function.copy'>function.copy</a>]: failed to open stream: No such file or directory in [APP\controllers\components\upload.php, line 20]
2010-01-24 08:05:59 Warning: Warning (2): move_uploaded_file(C:\xampp\htdocs\passionmansion.com\app\webroot\products\l0685_white_black_250.jpg) [<a href='http://php.net/function.move-uploaded-file'>function.move-uploaded-file</a>]: failed to open stream: No such file or directory in [APP\controllers\components\upload.php, line 20]
2010-01-24 08:05:59 Warning: Warning (2): move_uploaded_file() [<a href='http://php.net/function.move-uploaded-file'>function.move-uploaded-file</a>]: Unable to move 'C:\xampp\tmp\php4CC6.tmp' to 'C:\xampp\htdocs\passionmansion.com\app\webroot\products\l0685_white_black_250.jpg' in [APP\controllers\components\upload.php, line 20]
2010-01-24 08:17:10 Warning: Warning (2): Invalid argument supplied for foreach() in [APP\controllers\components\upload.php, line 24]
2010-01-24 08:33:28 Warning: Warning (2): Illegal offset type in isset or empty in [APP\controllers\components\file_handler.php, line 93]
2010-01-24 09:06:54 Warning: Warning (512): Method HtmlHelper::img does not exist in [CORE\cake\libs\view\helper.php, line 143]
2010-01-24 09:06:54 Warning: Warning (512): Method DojoHelper::imageFix does not exist in [CORE\cake\libs\view\helper.php, line 143]
2010-01-24 09:07:23 Warning: Warning (512): Method HtmlHelper::img does not exist in [CORE\cake\libs\view\helper.php, line 143]
2010-01-24 09:07:23 Warning: Warning (512): Method DojoHelper::imageFix does not exist in [CORE\cake\libs\view\helper.php, line 143]
2010-01-24 09:07:57 Warning: Warning (512): Method DojoHelper::imageFix does not exist in [CORE\cake\libs\view\helper.php, line 143]
2010-01-24 09:08:18 Warning: Warning (512): Method DojoHelper::imageFix does not exist in [CORE\cake\libs\view\helper.php, line 143]
2010-01-24 09:10:20 Warning: Warning (512): Method DojoHelper::imageFix does not exist in [CORE\cake\libs\view\helper.php, line 143]
2010-01-24 09:11:15 Warning: Warning (512): Method DojoHelper::imageFix does not exist in [CORE\cake\libs\view\helper.php, line 143]
2010-01-24 09:13:14 Warning: Warning (512): Method DojoHelper::imageFix does not exist in [CORE\cake\libs\view\helper.php, line 143]
2010-01-24 09:14:17 Warning: Warning (512): Method DojoHelper::imageFix does not exist in [CORE\cake\libs\view\helper.php, line 143]
2010-01-24 09:15:01 Warning: Warning (512): Method DojoHelper::imageFix does not exist in [CORE\cake\libs\view\helper.php, line 143]
2010-01-24 09:17:33 Warning: Warning (512): Method DojoHelper::imageFix does not exist in [CORE\cake\libs\view\helper.php, line 143]
2010-01-24 09:19:39 Warning: Warning (512): Method DojoHelper::imageFix does not exist in [CORE\cake\libs\view\helper.php, line 143]
2010-01-24 09:20:01 Warning: Warning (512): Method DojoHelper::imageFix does not exist in [CORE\cake\libs\view\helper.php, line 143]
2010-01-24 09:21:52 Warning: Warning (512): Method DojoHelper::imageFix does not exist in [CORE\cake\libs\view\helper.php, line 143]
2010-01-24 09:25:20 Warning: Warning (512): Method DojoHelper::imageFix does not exist in [CORE\cake\libs\view\helper.php, line 143]
2010-01-24 09:28:08 Warning: Warning (512): Method DojoHelper::imageFix does not exist in [CORE\cake\libs\view\helper.php, line 143]
2010-01-24 09:29:07 Warning: Warning (512): Method DojoHelper::imageFix does not exist in [CORE\cake\libs\view\helper.php, line 143]
2010-01-24 09:30:57 Warning: Warning (2): mkdir() [<a href='http://php.net/function.mkdir'>function.mkdir</a>]: File exists in [APP\controllers\components\file_handler.php, line 158]
2010-01-24 09:30:57 Warning: Warning (2): Cannot modify header information - headers already sent by (output started at C:\xampp\htdocs\passionmansion.com\cake\basics.php:109) in [CORE\cake\libs\controller\controller.php, line 644]
2010-01-24 09:32:17 Warning: Warning (2): mkdir() [<a href='http://php.net/function.mkdir'>function.mkdir</a>]: File exists in [APP\controllers\components\file_handler.php, line 158]
2010-01-24 09:32:17 Warning: Warning (2): Cannot modify header information - headers already sent by (output started at C:\xampp\htdocs\passionmansion.com\cake\basics.php:109) in [CORE\cake\libs\controller\controller.php, line 644]
