2008-08-05 19:55:00 Warning: Warning (2): mysql_connect() [<a href='http://php.net/function.mysql-connect'>function.mysql-connect</a>]: Access denied for user '4a7b38b00f'@'localhost' (using password: YES) in [CORE\cake\libs\model\datasources\dbo\dbo_mysql.php, line 119]
2008-08-05 19:55:00 Warning: Warning (2): mysql_select_db(): supplied argument is not a valid MySQL-Link resource in [CORE\cake\libs\model\datasources\dbo\dbo_mysql.php, line 122]
2008-08-05 19:55:00 Warning: Warning (2): mysql_get_server_info(): supplied argument is not a valid MySQL-Link resource in [CORE\cake\libs\model\datasources\dbo\dbo_mysql.php, line 130]
2008-08-05 19:55:00 Warning: Warning (2): mysql_query(): supplied argument is not a valid MySQL-Link resource in [CORE\cake\libs\model\datasources\dbo\dbo_mysql.php, line 152]
2008-08-05 19:55:05 Warning: Warning (2): mysql_connect() [<a href='http://php.net/function.mysql-connect'>function.mysql-connect</a>]: Access denied for user '4a7b38b00f'@'localhost' (using password: YES) in [CORE\cake\libs\model\datasources\dbo\dbo_mysql.php, line 119]
2008-08-05 19:55:05 Warning: Warning (2): mysql_select_db(): supplied argument is not a valid MySQL-Link resource in [CORE\cake\libs\model\datasources\dbo\dbo_mysql.php, line 122]
2008-08-05 19:55:05 Warning: Warning (2): mysql_get_server_info(): supplied argument is not a valid MySQL-Link resource in [CORE\cake\libs\model\datasources\dbo\dbo_mysql.php, line 130]
2008-08-05 19:55:05 Warning: Warning (2): mysql_real_escape_string() expects parameter 2 to be resource, boolean given in [CORE\cake\libs\model\datasources\dbo\dbo_mysql.php, line 247]
2008-08-05 19:55:05 Warning: Warning (2): mysql_query(): supplied argument is not a valid MySQL-Link resource in [CORE\cake\libs\model\datasources\dbo\dbo_mysql.php, line 152]
2008-08-05 19:55:05 Warning: Warning (2): mysql_errno(): supplied argument is not a valid MySQL-Link resource in [CORE\cake\libs\model\datasources\dbo\dbo_mysql.php, line 329]
2008-08-05 19:55:05 Warning: Warning (2): session_start() [<a href='http://php.net/function.session-start'>function.session-start</a>]: Cannot send session cache limiter - headers already sent (output started at C:\xampplite\htdocs\sites\admin\cake\basics.php:111) in [CORE\cake\libs\session.php, line 535]
2008-08-05 19:55:05 Warning: Warning (2): Cannot modify header information - headers already sent by (output started at C:\xampplite\htdocs\sites\admin\cake\basics.php:111) in [CORE\cake\libs\session.php, line 536]
2008-08-05 19:57:00 Error: Fatal Error (256): Unable to load DataSource file google_analytics_source.php in [CORE\cake\libs\model\connection_manager.php, line 180]
2008-08-05 19:57:33 Error: Fatal Error (256): Unable to load DataSource file google_analytics_source.php in [CORE\cake\libs\model\connection_manager.php, line 180]
2008-08-05 19:58:11 Error: Fatal Error (256): Unable to load DataSource file google_analytics_source.php in [CORE\cake\libs\model\connection_manager.php, line 180]
2008-08-05 19:59:55 Error: Fatal Error (256): Unable to load DataSource file google_analytics_source.php in [CORE\cake\libs\model\connection_manager.php, line 180]
2008-08-05 20:00:48 Error: Fatal Error (256): Unable to load DataSource file google_analytics_source.php in [CORE\cake\libs\model\connection_manager.php, line 180]
2008-08-05 20:04:00 Error: Fatal Error (256): Unable to load DataSource file google_analytics_source.php in [CORE\cake\libs\model\connection_manager.php, line 180]
2008-08-05 20:07:26 Error: Fatal Error (256): Unable to load DataSource file google_analytics_source.php in [CORE\cake\libs\model\connection_manager.php, line 180]
2008-08-05 20:08:37 Error: Fatal Error (256): Unable to load DataSource file google_analytics_source.php in [CORE\cake\libs\model\connection_manager.php, line 180]
2008-08-05 20:14:07 Warning: Warning (2): Cannot modify header information - headers already sent by (output started at C:\xampplite\htdocs\sites\admin\cake\libs\model\datasources\google_analytics_source.php:255) in [CORE\cake\libs\controller\controller.php, line 579]
2008-08-05 20:14:31 Warning: Warning (2): Cannot modify header information - headers already sent by (output started at C:\xampplite\htdocs\sites\admin\cake\libs\model\datasources\google_analytics_source.php:255) in [CORE\cake\libs\controller\controller.php, line 579]
2008-08-05 20:15:12 Warning: Warning (2): Cannot modify header information - headers already sent by (output started at C:\xampplite\htdocs\sites\admin\cake\libs\model\datasources\google_analytics_source.php:255) in [CORE\cake\libs\controller\controller.php, line 579]
2008-08-05 20:15:30 Warning: Warning (2): Cannot modify header information - headers already sent by (output started at C:\xampplite\htdocs\sites\admin\cake\libs\model\datasources\google_analytics_source.php:255) in [CORE\cake\libs\controller\controller.php, line 579]
2008-08-06 05:53:21 Warning: Warning (512): <span style = "color:Red;text-align:left"><b>SQL Error:</b> 1146: Table 'pm_production.cake_sessions' doesn't exist</span> in [CORE\cake\libs\model\datasources\dbo_source.php, line 510]
2008-08-06 05:53:21 Warning: Warning (2): session_start() [<a href='http://php.net/function.session-start'>function.session-start</a>]: Cannot send session cookie - headers already sent by (output started at C:\xampplite\htdocs\sites\admin\cake\basics.php:111) in [CORE\cake\libs\session.php, line 535]
2008-08-06 05:53:21 Warning: Warning (2): session_start() [<a href='http://php.net/function.session-start'>function.session-start</a>]: Cannot send session cache limiter - headers already sent (output started at C:\xampplite\htdocs\sites\admin\cake\basics.php:111) in [CORE\cake\libs\session.php, line 535]
2008-08-06 05:53:21 Warning: Warning (2): Cannot modify header information - headers already sent by (output started at C:\xampplite\htdocs\sites\admin\cake\basics.php:111) in [CORE\cake\libs\session.php, line 536]
2008-08-06 05:53:26 Warning: Warning (512): <span style = "color:Red;text-align:left"><b>SQL Error:</b> 1146: Table 'pm_production.cake_sessions' doesn't exist</span> in [CORE\cake\libs\model\datasources\dbo_source.php, line 510]
2008-08-06 05:53:26 Warning: Warning (2): session_start() [<a href='http://php.net/function.session-start'>function.session-start</a>]: Cannot send session cookie - headers already sent by (output started at C:\xampplite\htdocs\sites\admin\cake\basics.php:111) in [CORE\cake\libs\session.php, line 535]
2008-08-06 05:53:26 Warning: Warning (2): session_start() [<a href='http://php.net/function.session-start'>function.session-start</a>]: Cannot send session cache limiter - headers already sent (output started at C:\xampplite\htdocs\sites\admin\cake\basics.php:111) in [CORE\cake\libs\session.php, line 535]
2008-08-06 05:53:26 Warning: Warning (2): Cannot modify header information - headers already sent by (output started at C:\xampplite\htdocs\sites\admin\cake\basics.php:111) in [CORE\cake\libs\session.php, line 536]
2008-08-06 05:57:24 Warning: Warning (512): <span style = "color:Red;text-align:left"><b>SQL Error:</b> 1146: Table 'pm_production.cake_sessions' doesn't exist</span> in [CORE\cake\libs\model\datasources\dbo_source.php, line 510]
2008-08-06 05:57:24 Warning: Warning (2): session_start() [<a href='http://php.net/function.session-start'>function.session-start</a>]: Cannot send session cookie - headers already sent by (output started at C:\xampplite\htdocs\sites\admin\cake\basics.php:111) in [CORE\cake\libs\session.php, line 535]
2008-08-06 05:57:24 Warning: Warning (2): session_start() [<a href='http://php.net/function.session-start'>function.session-start</a>]: Cannot send session cache limiter - headers already sent (output started at C:\xampplite\htdocs\sites\admin\cake\basics.php:111) in [CORE\cake\libs\session.php, line 535]
2008-08-06 05:57:24 Warning: Warning (2): Cannot modify header information - headers already sent by (output started at C:\xampplite\htdocs\sites\admin\cake\basics.php:111) in [CORE\cake\libs\session.php, line 536]
2008-08-06 05:57:51 Warning: Warning (2): Cannot modify header information - headers already sent by (output started at C:\xampplite\htdocs\sites\admin\app\models\newsletter.php:18) in [CORE\cake\libs\controller\controller.php, line 579]
2008-08-06 05:58:53 Warning: Warning (2): Cannot modify header information - headers already sent by (output started at C:\xampplite\htdocs\sites\admin\app\models\newsletter.php:18) in [CORE\cake\libs\controller\controller.php, line 579]
2008-08-06 05:59:54 Warning: Warning (2): Cannot modify header information - headers already sent by (output started at C:\xampplite\htdocs\sites\admin\app\models\newsletter.php:18) in [CORE\cake\libs\controller\controller.php, line 579]
2008-08-06 06:00:10 Warning: Warning (2): Cannot modify header information - headers already sent by (output started at C:\xampplite\htdocs\sites\admin\app\models\newsletter.php:18) in [CORE\cake\libs\controller\controller.php, line 579]
2008-08-06 06:00:23 Warning: Warning (2): Cannot modify header information - headers already sent by (output started at C:\xampplite\htdocs\sites\admin\app\models\newsletter.php:18) in [CORE\cake\libs\controller\controller.php, line 579]
2008-08-06 06:01:21 Warning: Warning (2): Cannot modify header information - headers already sent by (output started at C:\xampplite\htdocs\sites\admin\app\models\newsletter.php:18) in [CORE\cake\libs\controller\controller.php, line 579]
2008-08-06 06:27:40 Warning: Warning (2): fread(): supplied argument is not a valid stream resource in [APP\controllers\subscribers_controller.php, line 18]
2008-08-06 06:27:40 Warning: Warning (2): fclose(): supplied argument is not a valid stream resource in [APP\controllers\subscribers_controller.php, line 19]
2008-08-06 06:38:23 Warning: Warning (2): Wrong parameter count for fread() in [APP\controllers\subscribers_controller.php, line 20]
2008-08-06 06:39:09 Warning: Warning (2): Wrong parameter count for fread() in [APP\controllers\subscribers_controller.php, line 20]
2008-08-06 06:39:36 Warning: Warning (2): fclose(): supplied argument is not a valid stream resource in [APP\controllers\subscribers_controller.php, line 21]
2009-03-31 22:48:29 Warning: Warning (2): file_exists() [<a href='http://php.net/function.file-exists'>function.file-exists</a>]: open_basedir restriction in effect. File(/cake) is not within the allowed path(s): (/var/www/vhosts/passionmansion.com/subdomains/admin/httpdocs:/tmp) in [CORE/cake/libs/file.php, line 396]
2009-03-31 22:48:29 Warning: Warning (2): mysql_connect() [<a href='http://php.net/function.mysql-connect'>function.mysql-connect</a>]: Access denied for user 'pm_production'@'localhost' (using password: YES) in [CORE/cake/libs/model/datasources/dbo/dbo_mysql.php, line 376]
2009-03-31 22:48:29 Warning: Warning (2): mysql_select_db(): supplied argument is not a valid MySQL-Link resource in [CORE/cake/libs/model/datasources/dbo/dbo_mysql.php, line 379]
2009-03-31 22:48:29 Warning: Warning (2): mysql_get_server_info(): supplied argument is not a valid MySQL-Link resource in [CORE/cake/libs/model/datasources/dbo/dbo_mysql.php, line 387]
2009-03-31 22:48:29 Warning: Warning (2): mysql_query(): supplied argument is not a valid MySQL-Link resource in [CORE/cake/libs/model/datasources/dbo/dbo_mysql.php, line 411]
2009-03-31 22:48:58 Warning: Warning (2): file_exists() [<a href='http://php.net/function.file-exists'>function.file-exists</a>]: open_basedir restriction in effect. File(/cake) is not within the allowed path(s): (/var/www/vhosts/passionmansion.com/subdomains/admin/httpdocs:/tmp) in [CORE/cake/libs/file.php, line 396]
2009-03-31 22:48:58 Warning: Warning (2): file_exists() [<a href='http://php.net/function.file-exists'>function.file-exists</a>]: open_basedir restriction in effect. File(/cake) is not within the allowed path(s): (/var/www/vhosts/passionmansion.com/subdomains/admin/httpdocs:/tmp) in [CORE/cake/libs/file.php, line 396]
2009-03-31 22:49:55 Warning: Warning (2): file_exists() [<a href='http://php.net/function.file-exists'>function.file-exists</a>]: open_basedir restriction in effect. File(/cake) is not within the allowed path(s): (/var/www/vhosts/passionmansion.com/subdomains/admin/httpdocs:/tmp) in [CORE/cake/libs/file.php, line 396]
2009-03-31 22:49:56 Warning: Warning (2): file_exists() [<a href='http://php.net/function.file-exists'>function.file-exists</a>]: open_basedir restriction in effect. File(/cake) is not within the allowed path(s): (/var/www/vhosts/passionmansion.com/subdomains/admin/httpdocs:/tmp) in [CORE/cake/libs/file.php, line 396]
2010-01-19 12:51:29 Warning: Warning (2): file_exists() [<a href='http://php.net/function.file-exists'>function.file-exists</a>]: open_basedir restriction in effect. File(/cake) is not within the allowed path(s): (/var/www/vhosts/passionmansion.com/subdomains/admin/httpdocs:/tmp) in [CORE/cake/libs/file.php, line 396]
2010-01-19 12:51:51 Warning: Warning (2): file_exists() [<a href='http://php.net/function.file-exists'>function.file-exists</a>]: open_basedir restriction in effect. File(/cake) is not within the allowed path(s): (/var/www/vhosts/passionmansion.com/subdomains/admin/httpdocs:/tmp) in [CORE/cake/libs/file.php, line 396]
2010-01-19 12:52:03 Warning: Warning (2): file_exists() [<a href='http://php.net/function.file-exists'>function.file-exists</a>]: open_basedir restriction in effect. File(/cake) is not within the allowed path(s): (/var/www/vhosts/passionmansion.com/subdomains/admin/httpdocs:/tmp) in [CORE/cake/libs/file.php, line 396]
2010-01-25 11:40:31 Warning: Warning (2): file_exists() [<a href='http://php.net/function.file-exists'>function.file-exists</a>]: open_basedir restriction in effect. File(/cake) is not within the allowed path(s): (/var/www/vhosts/passionmansion.com/subdomains/admin/httpdocs:/tmp) in [CORE/cake/libs/file.php, line 396]
2010-01-25 11:41:06 Warning: Warning (2): file_exists() [<a href='http://php.net/function.file-exists'>function.file-exists</a>]: open_basedir restriction in effect. File(/cake) is not within the allowed path(s): (/var/www/vhosts/passionmansion.com/subdomains/admin/httpdocs:/tmp) in [CORE/cake/libs/file.php, line 396]
2010-01-25 11:41:08 Warning: Warning (2): file_exists() [<a href='http://php.net/function.file-exists'>function.file-exists</a>]: open_basedir restriction in effect. File(/cake) is not within the allowed path(s): (/var/www/vhosts/passionmansion.com/subdomains/admin/httpdocs:/tmp) in [CORE/cake/libs/file.php, line 396]
2010-01-25 11:41:11 Warning: Warning (2): file_exists() [<a href='http://php.net/function.file-exists'>function.file-exists</a>]: open_basedir restriction in effect. File(/cake) is not within the allowed path(s): (/var/www/vhosts/passionmansion.com/subdomains/admin/httpdocs:/tmp) in [CORE/cake/libs/file.php, line 396]
2010-01-25 11:41:12 Warning: Warning (2): file_exists() [<a href='http://php.net/function.file-exists'>function.file-exists</a>]: open_basedir restriction in effect. File(/cake) is not within the allowed path(s): (/var/www/vhosts/passionmansion.com/subdomains/admin/httpdocs:/tmp) in [CORE/cake/libs/file.php, line 396]
2010-01-25 11:41:16 Warning: Warning (2): file_exists() [<a href='http://php.net/function.file-exists'>function.file-exists</a>]: open_basedir restriction in effect. File(/cake) is not within the allowed path(s): (/var/www/vhosts/passionmansion.com/subdomains/admin/httpdocs:/tmp) in [CORE/cake/libs/file.php, line 396]
2010-01-25 11:41:42 Warning: Warning (2): file_exists() [<a href='http://php.net/function.file-exists'>function.file-exists</a>]: open_basedir restriction in effect. File(/cake) is not within the allowed path(s): (/var/www/vhosts/passionmansion.com/subdomains/admin/httpdocs:/tmp) in [CORE/cake/libs/file.php, line 396]
2010-01-25 11:41:42 Warning: Warning (2): file_exists() [<a href='http://php.net/function.file-exists'>function.file-exists</a>]: open_basedir restriction in effect. File(/cake) is not within the allowed path(s): (/var/www/vhosts/passionmansion.com/subdomains/admin/httpdocs:/tmp) in [CORE/cake/libs/file.php, line 396]
2010-01-25 11:41:48 Warning: Warning (2): file_exists() [<a href='http://php.net/function.file-exists'>function.file-exists</a>]: open_basedir restriction in effect. File(/cake) is not within the allowed path(s): (/var/www/vhosts/passionmansion.com/subdomains/admin/httpdocs:/tmp) in [CORE/cake/libs/file.php, line 396]
2010-01-25 11:41:49 Warning: Warning (2): file_exists() [<a href='http://php.net/function.file-exists'>function.file-exists</a>]: open_basedir restriction in effect. File(/cake) is not within the allowed path(s): (/var/www/vhosts/passionmansion.com/subdomains/admin/httpdocs:/tmp) in [CORE/cake/libs/file.php, line 396]
2010-01-25 11:41:49 Warning: Warning (2): file_exists() [<a href='http://php.net/function.file-exists'>function.file-exists</a>]: open_basedir restriction in effect. File(/cake) is not within the allowed path(s): (/var/www/vhosts/passionmansion.com/subdomains/admin/httpdocs:/tmp) in [CORE/cake/libs/file.php, line 396]
2010-01-25 11:41:53 Warning: Warning (2): file_exists() [<a href='http://php.net/function.file-exists'>function.file-exists</a>]: open_basedir restriction in effect. File(/cake) is not within the allowed path(s): (/var/www/vhosts/passionmansion.com/subdomains/admin/httpdocs:/tmp) in [CORE/cake/libs/file.php, line 396]
2010-01-25 12:12:42 Warning: Warning (2): file_exists() [<a href='http://php.net/function.file-exists'>function.file-exists</a>]: open_basedir restriction in effect. File(/cake) is not within the allowed path(s): (/var/www/vhosts/passionmansion.com/subdomains/admin/httpdocs:/tmp) in [CORE/cake/libs/file.php, line 396]
2010-01-25 12:14:10 Warning: Warning (2): file_exists() [<a href='http://php.net/function.file-exists'>function.file-exists</a>]: open_basedir restriction in effect. File(/cake) is not within the allowed path(s): (/var/www/vhosts/passionmansion.com/subdomains/admin/httpdocs:/tmp) in [CORE/cake/libs/file.php, line 396]
2010-01-25 12:14:29 Warning: Warning (2): file_exists() [<a href='http://php.net/function.file-exists'>function.file-exists</a>]: open_basedir restriction in effect. File(/cake) is not within the allowed path(s): (/var/www/vhosts/passionmansion.com/subdomains/admin/httpdocs:/tmp) in [CORE/cake/libs/file.php, line 396]
